Unity Editor version:    2022.3.34f1 (4886f5360533)
Branch:                  2022.3/staging
Build type:              Release
Batch mode:              YES
macOS version:           Version 14.5 (Build 23F79)
Darwin version:          23.5.0
Architecture:            arm64
Running under Rosetta:   NO
Available memory:        8192 MB
Using pre-set license
Pro License: YES

COMMAND LINE ARGUMENTS:
/Applications/Unity/Hub/Editor/2022.3.34f1/Unity.app/Contents/MacOS/Unity
-adb2
-batchMode
-noUpm
-name
AssetImportWorker1
-projectPath
/Users/nadeenalomari/Final Project
-logFile
Logs/AssetImportWorker1.log
-srvPort
49501
Successfully changed project path to: /Users/nadeenalomari/Final Project
/Users/nadeenalomari/Final Project
[UnityMemory] Configuration Parameters - Can be set up in boot.config
    "memorysetup-bucket-allocator-granularity=16"
    "memorysetup-bucket-allocator-bucket-count=8"
    "memorysetup-bucket-allocator-block-size=33554432"
    "memorysetup-bucket-allocator-block-count=8"
    "memorysetup-main-allocator-block-size=16777216"
    "memorysetup-thread-allocator-block-size=16777216"
    "memorysetup-gfx-main-allocator-block-size=16777216"
    "memorysetup-gfx-thread-allocator-block-size=16777216"
    "memorysetup-cache-allocator-block-size=4194304"
    "memorysetup-typetree-allocator-block-size=2097152"
    "memorysetup-profiler-bucket-allocator-granularity=16"
    "memorysetup-profiler-bucket-allocator-bucket-count=8"
    "memorysetup-profiler-bucket-allocator-block-size=33554432"
    "memorysetup-profiler-bucket-allocator-block-count=8"
    "memorysetup-profiler-allocator-block-size=16777216"
    "memorysetup-profiler-editor-allocator-block-size=1048576"
    "memorysetup-temp-allocator-size-main=16777216"
    "memorysetup-job-temp-allocator-block-size=2097152"
    "memorysetup-job-temp-allocator-block-size-background=1048576"
    "memorysetup-job-temp-allocator-reduction-small-platforms=262144"
    "memorysetup-allocator-temp-initial-block-size-main=262144"
    "memorysetup-allocator-temp-initial-block-size-worker=262144"
    "memorysetup-temp-allocator-size-background-worker=32768"
    "memorysetup-temp-allocator-size-job-worker=262144"
    "memorysetup-temp-allocator-size-preload-manager=33554432"
    "memorysetup-temp-allocator-size-nav-mesh-worker=65536"
    "memorysetup-temp-allocator-size-audio-worker=65536"
    "memorysetup-temp-allocator-size-cloud-worker=32768"
    "memorysetup-temp-allocator-size-gi-baking-worker=262144"
    "memorysetup-temp-allocator-size-gfx=262144"
Player connection [8718633984] Host "[IP] 172.20.10.14 [Port] 0 [Flags] 2 [Guid] 1146144980 [EditorId] 1146144980 [Version] 1048832 [Id] OSXEditor(0,Nadeens-MacBook-Air.local) [Debug] 1 [PackageName] OSXEditor [ProjectName] Editor" joined multi-casting on [225.0.0.222:54997]...

Player connection [8718633984] Host "[IP] 172.20.10.14 [Port] 0 [Flags] 2 [Guid] 1146144980 [EditorId] 1146144980 [Version] 1048832 [Id] OSXEditor(0,Nadeens-MacBook-Air.local) [Debug] 1 [PackageName] OSXEditor [ProjectName] Editor" joined alternative multi-casting on [225.0.0.222:34997]...

[PhysX] Initialized MultithreadedTaskDispatcher with 8 workers.
Refreshing native plugins compatible for Editor in 8.36 ms, found 2 plugins.
Preloading 0 native plugins for Editor in 0.00 ms.
Initialize engine version: 2022.3.34f1 (4886f5360533)
[Subsystems] Discovering subsystems at path /Applications/Unity/Hub/Editor/2022.3.34f1/Unity.app/Contents/Resources/UnitySubsystems
[Subsystems] Discovering subsystems at path /Users/nadeenalomari/Final Project/Assets
GfxDevice: creating device client; threaded=0; jobified=0
 preferred device: Apple M1 (high power)
Metal devices available: 1
0: Apple M1 (high power)
Using device Apple M1 (high power)
Initializing Metal device caps: Apple M1
Initialize mono
Mono path[0] = '/Applications/Unity/Hub/Editor/2022.3.34f1/Unity.app/Contents/Managed'
Mono path[1] = '/Applications/Unity/Hub/Editor/2022.3.34f1/Unity.app/Contents/MonoBleedingEdge/lib/mono/unityjit-macos'
Mono config path = '/Applications/Unity/Hub/Editor/2022.3.34f1/Unity.app/Contents/MonoBleedingEdge/etc'
Using monoOptions --debugger-agent=transport=dt_socket,embedding=1,server=y,suspend=n,address=127.0.0.1:56954
Begin MonoManager ReloadAssembly
Registering precompiled unity dll's ...
Register platform support module: /Applications/Unity/Hub/Editor/2022.3.34f1/PlaybackEngines/WebGLSupport/UnityEditor.WebGL.Extensions.dll
Register platform support module: /Applications/Unity/Hub/Editor/2022.3.34f1/Unity.app/Contents/PlaybackEngines/MacStandaloneSupport/UnityEditor.OSXStandalone.Extensions.dll
Registered in 0.002531 seconds.
- Loaded All Assemblies, in  0.248 seconds
Native extension for OSXStandalone target not found
Native extension for WebGL target not found
Mono: successfully reloaded assembly
- Finished resetting the current domain, in  0.163 seconds
Domain Reload Profiling: 411ms
	BeginReloadAssembly (78ms)
		ExecutionOrderSort (0ms)
		DisableScriptedObjects (0ms)
		BackupInstance (0ms)
		ReleaseScriptingObjects (0ms)
		CreateAndSetChildDomain (1ms)
	RebuildCommonClasses (25ms)
	RebuildNativeTypeToScriptingClass (8ms)
	initialDomainReloadingComplete (33ms)
	LoadAllAssembliesAndSetupDomain (105ms)
		LoadAssemblies (78ms)
		RebuildTransferFunctionScriptingTraits (0ms)
		AnalyzeDomain (102ms)
			TypeCache.Refresh (101ms)
				TypeCache.ScanAssembly (91ms)
			ScanForSourceGeneratedMonoScriptInfo (0ms)
			ResolveRequiredComponents (0ms)
	FinalizeReload (163ms)
		ReleaseScriptCaches (0ms)
		RebuildScriptCaches (0ms)
		SetupLoadedEditorAssemblies (125ms)
			LogAssemblyErrors (0ms)
			InitializePlatformSupportModulesInManaged (5ms)
			SetLoadedEditorAssemblies (3ms)
			RefreshPlugins (0ms)
			BeforeProcessingInitializeOnLoad (1ms)
			ProcessInitializeOnLoadAttributes (87ms)
			ProcessInitializeOnLoadMethodAttributes (28ms)
			AfterProcessingInitializeOnLoad (0ms)
			EditorAssembliesLoaded (0ms)
		ExecutionOrderSort2 (0ms)
		AwakeInstancesAfterBackupRestoration (0ms)
========================================================================
Worker process is ready to serve import requests
Begin MonoManager ReloadAssembly
- Loaded All Assemblies, in  0.404 seconds
Refreshing native plugins compatible for Editor in 0.75 ms, found 2 plugins.
Native extension for OSXStandalone target not found
Native extension for WebGL target not found
Package Manager log level set to [2]
[Package Manager] Server::EnsureServerProcessIsRunning -- launch failed, reason: Unity was launched with the -noUpm command-line argument
[Package Manager] UpmClient::Send -- Unable to send message (not connected to UPM process).
[Package Manager] Cannot connect to Unity Package Manager local server
Mono: successfully reloaded assembly
- Finished resetting the current domain, in  0.447 seconds
Domain Reload Profiling: 852ms
	BeginReloadAssembly (82ms)
		ExecutionOrderSort (0ms)
		DisableScriptedObjects (3ms)
		BackupInstance (0ms)
		ReleaseScriptingObjects (0ms)
		CreateAndSetChildDomain (24ms)
	RebuildCommonClasses (23ms)
	RebuildNativeTypeToScriptingClass (8ms)
	initialDomainReloadingComplete (22ms)
	LoadAllAssembliesAndSetupDomain (270ms)
		LoadAssemblies (172ms)
		RebuildTransferFunctionScriptingTraits (0ms)
		AnalyzeDomain (131ms)
			TypeCache.Refresh (118ms)
				TypeCache.ScanAssembly (103ms)
			ScanForSourceGeneratedMonoScriptInfo (9ms)
			ResolveRequiredComponents (3ms)
	FinalizeReload (448ms)
		ReleaseScriptCaches (0ms)
		RebuildScriptCaches (0ms)
		SetupLoadedEditorAssemblies (349ms)
			LogAssemblyErrors (0ms)
			InitializePlatformSupportModulesInManaged (4ms)
			SetLoadedEditorAssemblies (3ms)
			RefreshPlugins (0ms)
			BeforeProcessingInitializeOnLoad (33ms)
			ProcessInitializeOnLoadAttributes (297ms)
			ProcessInitializeOnLoadMethodAttributes (11ms)
			AfterProcessingInitializeOnLoad (1ms)
			EditorAssembliesLoaded (0ms)
		ExecutionOrderSort2 (0ms)
		AwakeInstancesAfterBackupRestoration (2ms)
Launching external process: /Applications/Unity/Hub/Editor/2022.3.34f1/Unity.app/Contents/Tools/UnityShaderCompiler
Launched and connected shader compiler UnityShaderCompiler after 0.19 seconds
Refreshing native plugins compatible for Editor in 0.71 ms, found 2 plugins.
Preloading 0 native plugins for Editor in 0.00 ms.
Unloading 3095 Unused Serialized files (Serialized files now loaded: 0)
Unloading 33 unused Assets / (52.0 KB). Loaded Objects now: 3555.
Memory consumption went from 127.7 MB to 127.6 MB.
Total: 2.949792 ms (FindLiveObjects: 0.120084 ms CreateObjectMapping: 0.036833 ms MarkObjects: 2.697583 ms  DeleteObjects: 0.094709 ms)

AssetImportParameters requested are different than current active one (requested -> active):
  custom:container-demuxer-ogg: 62fdf1f143b41e24485cea50d1cbac27 -> 
  custom:video-decoder-ogg-theora: a1e56fd34408186e4bbccfd4996cb3dc -> 
  custom:CustomObjectIndexerAttribute: 9a22284fe3817be447336de3de66b15e -> 
  custom:container-demuxer-webm: 4f35f7cbe854078d1ac9338744f61a02 -> 
  custom:container-muxer-webm: aa71ff27fc2769a1b78a27578f13a17b -> 
  custom:video-decoder-webm-vp8: 9c59270c3fd7afecdb556c50c9e8de78 -> 
  custom:SearchIndexIgnoredProperties: e643bd26f0fe6173181afceb89e7c659 -> 
  custom:AudioImporter_EditorPlatform: 3918e3fc78b5a79bad01e8451be0beb8 -> 
  custom:framework-osx-AVFoundation: e770b220cccbd017edd2c1fefb359320 -> 
  custom:video-encoder-webm-vp8: eb34c28f22e8b96e1ab97ce403110664 -> 
  custom:audio-decoder-ogg-vorbis: bf7c407c2cedff20999df2af8eb42d56 -> 
  custom:audio-encoder-webm-vorbis: bf7c407c2cedff20999df2af8eb42d56 -> 
========================================================================
Received Import Request.
  Time since last request: 4554.133050 seconds.
  path: Assets/78-model-clothing.rar
  artifactKey: Guid(24aac9a8f03b648c1aa147e3cec51a60) Importer(815301076,1909f56bfc062723c751e8b465ee728b)
Start importing Assets/78-model-clothing.rar using Guid(24aac9a8f03b648c1aa147e3cec51a60) Importer(815301076,1909f56bfc062723c751e8b465ee728b) [PhysX] Initialized MultithreadedTaskDispatcher with 8 workers.
 -> (artifact id: 'e7f65d83f999e147f6256a1c7c188f14') in 0.008059 seconds
Number of updated asset objects reloaded before import = 0
Number of asset objects unloaded after import = 1
========================================================================
Received Prepare
Begin MonoManager ReloadAssembly
Thread 0x30640f000 may have been prematurely finalized
- Loaded All Assemblies, in  0.416 seconds
Refreshing native plugins compatible for Editor in 0.86 ms, found 2 plugins.
Native extension for OSXStandalone target not found
Native extension for WebGL target not found
[Package Manager] Server::EnsureServerProcessIsRunning -- launch failed, reason: Unity was launched with the -noUpm command-line argument
[Package Manager] UpmClient::Send -- Unable to send message (not connected to UPM process).
[Package Manager] Cannot connect to Unity Package Manager local server
Mono: successfully reloaded assembly
- Finished resetting the current domain, in  1.040 seconds
Domain Reload Profiling: 1456ms
	BeginReloadAssembly (165ms)
		ExecutionOrderSort (0ms)
		DisableScriptedObjects (7ms)
		BackupInstance (0ms)
		ReleaseScriptingObjects (0ms)
		CreateAndSetChildDomain (81ms)
	RebuildCommonClasses (24ms)
	RebuildNativeTypeToScriptingClass (9ms)
	initialDomainReloadingComplete (18ms)
	LoadAllAssembliesAndSetupDomain (200ms)
		LoadAssemblies (218ms)
		RebuildTransferFunctionScriptingTraits (0ms)
		AnalyzeDomain (30ms)
			TypeCache.Refresh (20ms)
				TypeCache.ScanAssembly (1ms)
			ScanForSourceGeneratedMonoScriptInfo (5ms)
			ResolveRequiredComponents (4ms)
	FinalizeReload (1041ms)
		ReleaseScriptCaches (0ms)
		RebuildScriptCaches (0ms)
		SetupLoadedEditorAssemblies (379ms)
			LogAssemblyErrors (0ms)
			InitializePlatformSupportModulesInManaged (4ms)
			SetLoadedEditorAssemblies (3ms)
			RefreshPlugins (0ms)
			BeforeProcessingInitializeOnLoad (42ms)
			ProcessInitializeOnLoadAttributes (319ms)
			ProcessInitializeOnLoadMethodAttributes (10ms)
			AfterProcessingInitializeOnLoad (1ms)
			EditorAssembliesLoaded (0ms)
		ExecutionOrderSort2 (0ms)
		AwakeInstancesAfterBackupRestoration (3ms)
Refreshing native plugins compatible for Editor in 0.63 ms, found 2 plugins.
Preloading 0 native plugins for Editor in 0.00 ms.
Unloading 3193 Unused Serialized files (Serialized files now loaded: 0)
Unloading 49 unused Assets / (2.1 MB). Loaded Objects now: 3640.
Memory consumption went from 144.5 MB to 142.4 MB.
Total: 3.341417 ms (FindLiveObjects: 0.117042 ms CreateObjectMapping: 0.039125 ms MarkObjects: 2.724291 ms  DeleteObjects: 0.459542 ms)

Prepare: number of updated asset objects reloaded= 0
AssetImportParameters requested are different than current active one (requested -> active):
  custom:container-demuxer-ogg: 62fdf1f143b41e24485cea50d1cbac27 -> 
  custom:video-decoder-ogg-theora: a1e56fd34408186e4bbccfd4996cb3dc -> 
  custom:CustomObjectIndexerAttribute: 9a22284fe3817be447336de3de66b15e -> 
  custom:container-demuxer-webm: 4f35f7cbe854078d1ac9338744f61a02 -> 
  custom:container-muxer-webm: aa71ff27fc2769a1b78a27578f13a17b -> 
  custom:video-decoder-webm-vp8: 9c59270c3fd7afecdb556c50c9e8de78 -> 
  custom:SearchIndexIgnoredProperties: e643bd26f0fe6173181afceb89e7c659 -> 
  custom:AudioImporter_EditorPlatform: 3918e3fc78b5a79bad01e8451be0beb8 -> 
  custom:framework-osx-AVFoundation: e770b220cccbd017edd2c1fefb359320 -> 
  custom:video-encoder-webm-vp8: eb34c28f22e8b96e1ab97ce403110664 -> 
  custom:audio-decoder-ogg-vorbis: bf7c407c2cedff20999df2af8eb42d56 -> 
  custom:audio-encoder-webm-vorbis: bf7c407c2cedff20999df2af8eb42d56 -> 
========================================================================
Received Import Request.
  Time since last request: 850.407521 seconds.
  path: Assets/Wardrobe Collection 1/Models/Wardrobe 1.FBX
  artifactKey: Guid(58aaad49848c55a42a5f6f64576689f2) Importer(815301076,1909f56bfc062723c751e8b465ee728b)
Start importing Assets/Wardrobe Collection 1/Models/Wardrobe 1.FBX using Guid(58aaad49848c55a42a5f6f64576689f2) Importer(815301076,1909f56bfc062723c751e8b465ee728b) [PhysX] Initialized MultithreadedTaskDispatcher with 8 workers.
[PhysX] Initialized MultithreadedTaskDispatcher with 8 workers.
[PhysX] Initialized MultithreadedTaskDispatcher with 8 workers.
[PhysX] Initialized MultithreadedTaskDispatcher with 8 workers.
[PhysX] Initialized MultithreadedTaskDispatcher with 8 workers.
[PhysX] Initialized MultithreadedTaskDispatcher with 8 workers.
[PhysX] Initialized MultithreadedTaskDispatcher with 8 workers.
[PhysX] Initialized MultithreadedTaskDispatcher with 8 workers.
[PhysX] Initialized MultithreadedTaskDispatcher with 8 workers.
[PhysX] Initialized MultithreadedTaskDispatcher with 8 workers.
 -> (artifact id: '57ae7ba975c9ef1f1ab9756a5cf29d7c') in 0.362112 seconds
Number of updated asset objects reloaded before import = 0
Number of asset objects unloaded after import = 29
========================================================================
Received Import Request.
  Time since last request: 0.000058 seconds.
  path: Assets/Wardrobe Collection 1/Models/Wardrobe 7.FBX
  artifactKey: Guid(e6b94cc4a1f030e4c95e1dc40ca6b722) Importer(815301076,1909f56bfc062723c751e8b465ee728b)
Start importing Assets/Wardrobe Collection 1/Models/Wardrobe 7.FBX using Guid(e6b94cc4a1f030e4c95e1dc40ca6b722) Importer(815301076,1909f56bfc062723c751e8b465ee728b) [PhysX] Initialized MultithreadedTaskDispatcher with 8 workers.
[PhysX] Initialized MultithreadedTaskDispatcher with 8 workers.
[PhysX] Initialized MultithreadedTaskDispatcher with 8 workers.
[PhysX] Initialized MultithreadedTaskDispatcher with 8 workers.
[PhysX] Initialized MultithreadedTaskDispatcher with 8 workers.
[PhysX] Initialized MultithreadedTaskDispatcher with 8 workers.
[PhysX] Initialized MultithreadedTaskDispatcher with 8 workers.
[PhysX] Initialized MultithreadedTaskDispatcher with 8 workers.
 -> (artifact id: '73ced8a97b4a1edc89c46728e736fae4') in 0.035094 seconds
Number of updated asset objects reloaded before import = 0
Number of asset objects unloaded after import = 26
========================================================================
Received Import Request.
  Time since last request: 0.000038 seconds.
  path: Assets/Wardrobe Collection 1/Models/Wardrobe 4.FBX
  artifactKey: Guid(4b6928f937e6f9e4f9b02876d9734f01) Importer(815301076,1909f56bfc062723c751e8b465ee728b)
Start importing Assets/Wardrobe Collection 1/Models/Wardrobe 4.FBX using Guid(4b6928f937e6f9e4f9b02876d9734f01) Importer(815301076,1909f56bfc062723c751e8b465ee728b) [PhysX] Initialized MultithreadedTaskDispatcher with 8 workers.
[PhysX] Initialized MultithreadedTaskDispatcher with 8 workers.
[PhysX] Initialized MultithreadedTaskDispatcher with 8 workers.
[PhysX] Initialized MultithreadedTaskDispatcher with 8 workers.
[PhysX] Initialized MultithreadedTaskDispatcher with 8 workers.
[PhysX] Initialized MultithreadedTaskDispatcher with 8 workers.
[PhysX] Initialized MultithreadedTaskDispatcher with 8 workers.
[PhysX] Initialized MultithreadedTaskDispatcher with 8 workers.
 -> (artifact id: '182f0b1283372bf18ceadfb0d1a82f97') in 0.029290 seconds
Number of updated asset objects reloaded before import = 0
Number of asset objects unloaded after import = 24
========================================================================
Received Import Request.
  Time since last request: 0.000040 seconds.
  path: Assets/Wardrobe Collection 1/Models/Wardrobe 10.FBX
  artifactKey: Guid(2c54d6c077f57fe42a6184ddfce7276f) Importer(815301076,1909f56bfc062723c751e8b465ee728b)
Start importing Assets/Wardrobe Collection 1/Models/Wardrobe 10.FBX using Guid(2c54d6c077f57fe42a6184ddfce7276f) Importer(815301076,1909f56bfc062723c751e8b465ee728b) [PhysX] Initialized MultithreadedTaskDispatcher with 8 workers.
[PhysX] Initialized MultithreadedTaskDispatcher with 8 workers.
[PhysX] Initialized MultithreadedTaskDispatcher with 8 workers.
[PhysX] Initialized MultithreadedTaskDispatcher with 8 workers.
[PhysX] Initialized MultithreadedTaskDispatcher with 8 workers.
[PhysX] Initialized MultithreadedTaskDispatcher with 8 workers.
[PhysX] Initialized MultithreadedTaskDispatcher with 8 workers.
[PhysX] Initialized MultithreadedTaskDispatcher with 8 workers.
[PhysX] Initialized MultithreadedTaskDispatcher with 8 workers.
[PhysX] Initialized MultithreadedTaskDispatcher with 8 workers.
 -> (artifact id: 'ca04cf17c5099a8d810fc823b8acf657') in 0.030630 seconds
Number of updated asset objects reloaded before import = 0
Number of asset objects unloaded after import = 29
========================================================================
Received Import Request.
  Time since last request: 0.000043 seconds.
  path: Assets/Wardrobe Collection 1/Models/Wardrobe 5.FBX
  artifactKey: Guid(77b183c4aa963774289f935a81d32bda) Importer(815301076,1909f56bfc062723c751e8b465ee728b)
Start importing Assets/Wardrobe Collection 1/Models/Wardrobe 5.FBX using Guid(77b183c4aa963774289f935a81d32bda) Importer(815301076,1909f56bfc062723c751e8b465ee728b) [PhysX] Initialized MultithreadedTaskDispatcher with 8 workers.
[PhysX] Initialized MultithreadedTaskDispatcher with 8 workers.
[PhysX] Initialized MultithreadedTaskDispatcher with 8 workers.
[PhysX] Initialized MultithreadedTaskDispatcher with 8 workers.
[PhysX] Initialized MultithreadedTaskDispatcher with 8 workers.
[PhysX] Initialized MultithreadedTaskDispatcher with 8 workers.
[PhysX] Initialized MultithreadedTaskDispatcher with 8 workers.
[PhysX] Initialized MultithreadedTaskDispatcher with 8 workers.
[PhysX] Initialized MultithreadedTaskDispatcher with 8 workers.
[PhysX] Initialized MultithreadedTaskDispatcher with 8 workers.
[PhysX] Initialized MultithreadedTaskDispatcher with 8 workers.
[PhysX] Initialized MultithreadedTaskDispatcher with 8 workers.
 -> (artifact id: 'de87c9348e291174bd5327e3d86be187') in 0.040265 seconds
Number of updated asset objects reloaded before import = 0
Number of asset objects unloaded after import = 35
========================================================================
Received Import Request.
  Time since last request: 0.000044 seconds.
  path: Assets/Wardrobe Collection 1/Models/Wardrobe 6.FBX
  artifactKey: Guid(8b9ea51f304466844b21c95f9cef99ed) Importer(815301076,1909f56bfc062723c751e8b465ee728b)
Start importing Assets/Wardrobe Collection 1/Models/Wardrobe 6.FBX using Guid(8b9ea51f304466844b21c95f9cef99ed) Importer(815301076,1909f56bfc062723c751e8b465ee728b) [PhysX] Initialized MultithreadedTaskDispatcher with 8 workers.
[PhysX] Initialized MultithreadedTaskDispatcher with 8 workers.
[PhysX] Initialized MultithreadedTaskDispatcher with 8 workers.
[PhysX] Initialized MultithreadedTaskDispatcher with 8 workers.
[PhysX] Initialized MultithreadedTaskDispatcher with 8 workers.
[PhysX] Initialized MultithreadedTaskDispatcher with 8 workers.
[PhysX] Initialized MultithreadedTaskDispatcher with 8 workers.
[PhysX] Initialized MultithreadedTaskDispatcher with 8 workers.
[PhysX] Initialized MultithreadedTaskDispatcher with 8 workers.
[PhysX] Initialized MultithreadedTaskDispatcher with 8 workers.
[PhysX] Initialized MultithreadedTaskDispatcher with 8 workers.
[PhysX] Initialized MultithreadedTaskDispatcher with 8 workers.
 -> (artifact id: '230453155e8421d164a3988985a8c79a') in 0.057418 seconds
Number of updated asset objects reloaded before import = 0
Number of asset objects unloaded after import = 34
========================================================================
Received Import Request.
  Time since last request: 0.000088 seconds.
  path: Assets/Wardrobe Collection 1/Models/Wardrobe 8.FBX
  artifactKey: Guid(f017d9bd38bdf42428bde80a021a05c6) Importer(815301076,1909f56bfc062723c751e8b465ee728b)
Start importing Assets/Wardrobe Collection 1/Models/Wardrobe 8.FBX using Guid(f017d9bd38bdf42428bde80a021a05c6) Importer(815301076,1909f56bfc062723c751e8b465ee728b) [PhysX] Initialized MultithreadedTaskDispatcher with 8 workers.
[PhysX] Initialized MultithreadedTaskDispatcher with 8 workers.
[PhysX] Initialized MultithreadedTaskDispatcher with 8 workers.
[PhysX] Initialized MultithreadedTaskDispatcher with 8 workers.
[PhysX] Initialized MultithreadedTaskDispatcher with 8 workers.
[PhysX] Initialized MultithreadedTaskDispatcher with 8 workers.
[PhysX] Initialized MultithreadedTaskDispatcher with 8 workers.
[PhysX] Initialized MultithreadedTaskDispatcher with 8 workers.
 -> (artifact id: 'ddac5f3779a8567189a682d8765f5b3e') in 0.026670 seconds
Number of updated asset objects reloaded before import = 0
Number of asset objects unloaded after import = 24
========================================================================
Received Import Request.
  Time since last request: 0.000074 seconds.
  path: Assets/Wardrobe Collection 1/Models/Wardrobe 3.FBX
  artifactKey: Guid(0ad85a5ac24f54f4c979070e485cc978) Importer(815301076,1909f56bfc062723c751e8b465ee728b)
Start importing Assets/Wardrobe Collection 1/Models/Wardrobe 3.FBX using Guid(0ad85a5ac24f54f4c979070e485cc978) Importer(815301076,1909f56bfc062723c751e8b465ee728b) [PhysX] Initialized MultithreadedTaskDispatcher with 8 workers.
[PhysX] Initialized MultithreadedTaskDispatcher with 8 workers.
[PhysX] Initialized MultithreadedTaskDispatcher with 8 workers.
[PhysX] Initialized MultithreadedTaskDispatcher with 8 workers.
[PhysX] Initialized MultithreadedTaskDispatcher with 8 workers.
[PhysX] Initialized MultithreadedTaskDispatcher with 8 workers.
[PhysX] Initialized MultithreadedTaskDispatcher with 8 workers.
[PhysX] Initialized MultithreadedTaskDispatcher with 8 workers.
 -> (artifact id: '9ceb998e86a4cbf3c652fbb616016130') in 0.024411 seconds
Number of updated asset objects reloaded before import = 0
Number of asset objects unloaded after import = 22
========================================================================
Received Import Request.
  Time since last request: 0.000044 seconds.
  path: Assets/Wardrobe Collection 1/Models/Wardrobe 9.FBX
  artifactKey: Guid(44296aa2be7a141448853b53dc97e736) Importer(815301076,1909f56bfc062723c751e8b465ee728b)
Start importing Assets/Wardrobe Collection 1/Models/Wardrobe 9.FBX using Guid(44296aa2be7a141448853b53dc97e736) Importer(815301076,1909f56bfc062723c751e8b465ee728b) [PhysX] Initialized MultithreadedTaskDispatcher with 8 workers.
[PhysX] Initialized MultithreadedTaskDispatcher with 8 workers.
[PhysX] Initialized MultithreadedTaskDispatcher with 8 workers.
[PhysX] Initialized MultithreadedTaskDispatcher with 8 workers.
[PhysX] Initialized MultithreadedTaskDispatcher with 8 workers.
[PhysX] Initialized MultithreadedTaskDispatcher with 8 workers.
[PhysX] Initialized MultithreadedTaskDispatcher with 8 workers.
[PhysX] Initialized MultithreadedTaskDispatcher with 8 workers.
[PhysX] Initialized MultithreadedTaskDispatcher with 8 workers.
[PhysX] Initialized MultithreadedTaskDispatcher with 8 workers.
 -> (artifact id: '3a019e25f1836a279340e068136402da') in 0.035429 seconds
Number of updated asset objects reloaded before import = 0
Number of asset objects unloaded after import = 29
========================================================================
Received Import Request.
  Time since last request: 0.000070 seconds.
  path: Assets/Wardrobe Collection 1/Models/Wardrobe 2.FBX
  artifactKey: Guid(af116ae564c627b4fb5cf0806a096c7d) Importer(815301076,1909f56bfc062723c751e8b465ee728b)
Start importing Assets/Wardrobe Collection 1/Models/Wardrobe 2.FBX using Guid(af116ae564c627b4fb5cf0806a096c7d) Importer(815301076,1909f56bfc062723c751e8b465ee728b) [PhysX] Initialized MultithreadedTaskDispatcher with 8 workers.
[PhysX] Initialized MultithreadedTaskDispatcher with 8 workers.
[PhysX] Initialized MultithreadedTaskDispatcher with 8 workers.
[PhysX] Initialized MultithreadedTaskDispatcher with 8 workers.
[PhysX] Initialized MultithreadedTaskDispatcher with 8 workers.
[PhysX] Initialized MultithreadedTaskDispatcher with 8 workers.
[PhysX] Initialized MultithreadedTaskDispatcher with 8 workers.
[PhysX] Initialized MultithreadedTaskDispatcher with 8 workers.
[PhysX] Initialized MultithreadedTaskDispatcher with 8 workers.
[PhysX] Initialized MultithreadedTaskDispatcher with 8 workers.
[PhysX] Initialized MultithreadedTaskDispatcher with 8 workers.
[PhysX] Initialized MultithreadedTaskDispatcher with 8 workers.
[PhysX] Initialized MultithreadedTaskDispatcher with 8 workers.
[PhysX] Initialized MultithreadedTaskDispatcher with 8 workers.
[PhysX] Initialized MultithreadedTaskDispatcher with 8 workers.
[PhysX] Initialized MultithreadedTaskDispatcher with 8 workers.
 -> (artifact id: '6a7683ed0a036339d2b2de2ab2e11e30') in 0.051067 seconds
Number of updated asset objects reloaded before import = 0
Number of asset objects unloaded after import = 44
========================================================================
Received Import Request.
  Time since last request: 1525.289571 seconds.
  path: Assets/LouisPhilippeAntiqueFurniture/models/LPSofa.fbx
  artifactKey: Guid(9a269fc4bccf31247809f64f8335672f) Importer(815301076,1909f56bfc062723c751e8b465ee728b)
Start importing Assets/LouisPhilippeAntiqueFurniture/models/LPSofa.fbx using Guid(9a269fc4bccf31247809f64f8335672f) Importer(815301076,1909f56bfc062723c751e8b465ee728b) [PhysX] Initialized MultithreadedTaskDispatcher with 8 workers.
[PhysX] Initialized MultithreadedTaskDispatcher with 8 workers.
[PhysX] Initialized MultithreadedTaskDispatcher with 8 workers.
[PhysX] Initialized MultithreadedTaskDispatcher with 8 workers.
[PhysX] Initialized MultithreadedTaskDispatcher with 8 workers.
[PhysX] Initialized MultithreadedTaskDispatcher with 8 workers.
[PhysX] Initialized MultithreadedTaskDispatcher with 8 workers.
[PhysX] Initialized MultithreadedTaskDispatcher with 8 workers.
[PhysX] Initialized MultithreadedTaskDispatcher with 8 workers.
[PhysX] Initialized MultithreadedTaskDispatcher with 8 workers.
[PhysX] Initialized MultithreadedTaskDispatcher with 8 workers.
[PhysX] Initialized MultithreadedTaskDispatcher with 8 workers.
[PhysX] Initialized MultithreadedTaskDispatcher with 8 workers.
[PhysX] Initialized MultithreadedTaskDispatcher with 8 workers.
[PhysX] Initialized MultithreadedTaskDispatcher with 8 workers.
[PhysX] Initialized MultithreadedTaskDispatcher with 8 workers.
[PhysX] Initialized MultithreadedTaskDispatcher with 8 workers.
 -> (artifact id: 'a1fbcbe9b74f69bac85fe1e2d0d96fc3') in 0.102408 seconds
Number of updated asset objects reloaded before import = 0
Number of asset objects unloaded after import = 37
========================================================================
Received Import Request.
  Time since last request: 5.032618 seconds.
  path: Assets/LouisPhilippeAntiqueFurniture/studio/env_cube.exr
  artifactKey: Guid(2a15d739a75fc01428e4c3e5b05a0957) Importer(815301076,1909f56bfc062723c751e8b465ee728b)
Start importing Assets/LouisPhilippeAntiqueFurniture/studio/env_cube.exr using Guid(2a15d739a75fc01428e4c3e5b05a0957) Importer(815301076,1909f56bfc062723c751e8b465ee728b) [PhysX] Initialized MultithreadedTaskDispatcher with 8 workers.
[PhysX] Initialized MultithreadedTaskDispatcher with 8 workers.
[PhysX] Initialized MultithreadedTaskDispatcher with 8 workers.
 -> (artifact id: '9bea5b93b1801355a60c4a426c4c14db') in 0.147965 seconds
Number of updated asset objects reloaded before import = 0
Number of asset objects unloaded after import = 1
========================================================================
Received Import Request.
  Time since last request: 0.000037 seconds.
  path: Assets/LouisPhilippeAntiqueFurniture/studio/Studio.fbx
  artifactKey: Guid(18089cc551ec3714b9253c28c950e583) Importer(815301076,1909f56bfc062723c751e8b465ee728b)
Start importing Assets/LouisPhilippeAntiqueFurniture/studio/Studio.fbx using Guid(18089cc551ec3714b9253c28c950e583) Importer(815301076,1909f56bfc062723c751e8b465ee728b) [PhysX] Initialized MultithreadedTaskDispatcher with 8 workers.
[PhysX] Initialized MultithreadedTaskDispatcher with 8 workers.
[PhysX] Initialized MultithreadedTaskDispatcher with 8 workers.
[PhysX] Initialized MultithreadedTaskDispatcher with 8 workers.
 -> (artifact id: 'a95186ce50cefecc4905c4fccc36882e') in 0.018536 seconds
Number of updated asset objects reloaded before import = 0
Number of asset objects unloaded after import = 8
========================================================================
Received Import Request.
  Time since last request: 3.968612 seconds.
  path: Assets/LouisPhilippeAntiqueFurniture/texmap/LouisPhilippe_chair_MetallicSmoothness.png
  artifactKey: Guid(bbbc5df335bde61498110189447cbfbc) Importer(815301076,1909f56bfc062723c751e8b465ee728b)
Start importing Assets/LouisPhilippeAntiqueFurniture/texmap/LouisPhilippe_chair_MetallicSmoothness.png using Guid(bbbc5df335bde61498110189447cbfbc) Importer(815301076,1909f56bfc062723c751e8b465ee728b) [PhysX] Initialized MultithreadedTaskDispatcher with 8 workers.
[PhysX] Initialized MultithreadedTaskDispatcher with 8 workers.
 -> (artifact id: 'c7cb780a1e6dfd63075c670402585d5a') in 0.013728 seconds
Number of updated asset objects reloaded before import = 0
Number of asset objects unloaded after import = 2
========================================================================
Received Import Request.
  Time since last request: 0.000034 seconds.
  path: Assets/LouisPhilippeAntiqueFurniture/texmap/LouisPhilippe_sofa bottom_AlbedoTransparency.png
  artifactKey: Guid(ef7d6cb4c5db62741a6889e22b056b8a) Importer(815301076,1909f56bfc062723c751e8b465ee728b)
Start importing Assets/LouisPhilippeAntiqueFurniture/texmap/LouisPhilippe_sofa bottom_AlbedoTransparency.png using Guid(ef7d6cb4c5db62741a6889e22b056b8a) Importer(815301076,1909f56bfc062723c751e8b465ee728b) [PhysX] Initialized MultithreadedTaskDispatcher with 8 workers.
[PhysX] Initialized MultithreadedTaskDispatcher with 8 workers.
 -> (artifact id: '3f7fc5acd854ee49941c0d4ce78956a0') in 0.006159 seconds
Number of updated asset objects reloaded before import = 0
Number of asset objects unloaded after import = 2
========================================================================
Received Import Request.
  Time since last request: 0.001027 seconds.
  path: Assets/LouisPhilippeAntiqueFurniture/texmap/LouisPhilippe_table_Normal.png
  artifactKey: Guid(dd928b7705733a745a7bba20ffd04685) Importer(815301076,1909f56bfc062723c751e8b465ee728b)
Start importing Assets/LouisPhilippeAntiqueFurniture/texmap/LouisPhilippe_table_Normal.png using Guid(dd928b7705733a745a7bba20ffd04685) Importer(815301076,1909f56bfc062723c751e8b465ee728b) [PhysX] Initialized MultithreadedTaskDispatcher with 8 workers.
[PhysX] Initialized MultithreadedTaskDispatcher with 8 workers.
 -> (artifact id: '0000eed329eeca61922b1c50ef90c98d') in 0.050676 seconds
Number of updated asset objects reloaded before import = 0
Number of asset objects unloaded after import = 2
========================================================================
Received Import Request.
  Time since last request: 0.000051 seconds.
  path: Assets/LouisPhilippeAntiqueFurniture/texmap/LouisPhilippe_chair_Normal.png
  artifactKey: Guid(7ff97c254422a6546bdce603f657d5d9) Importer(815301076,1909f56bfc062723c751e8b465ee728b)
Start importing Assets/LouisPhilippeAntiqueFurniture/texmap/LouisPhilippe_chair_Normal.png using Guid(7ff97c254422a6546bdce603f657d5d9) Importer(815301076,1909f56bfc062723c751e8b465ee728b) [PhysX] Initialized MultithreadedTaskDispatcher with 8 workers.
[PhysX] Initialized MultithreadedTaskDispatcher with 8 workers.
 -> (artifact id: 'c66208751ff618370c4119de1eeff028') in 0.010638 seconds
Number of updated asset objects reloaded before import = 0
Number of asset objects unloaded after import = 2
========================================================================
Received Import Request.
  Time since last request: 0.000042 seconds.
  path: Assets/LouisPhilippeAntiqueFurniture/texmap/LouisPhilippe_pillow sofa_AlbedoTransparency.png
  artifactKey: Guid(f66d72b08e592ad4fa6bb54f5b516c4f) Importer(815301076,1909f56bfc062723c751e8b465ee728b)
Start importing Assets/LouisPhilippeAntiqueFurniture/texmap/LouisPhilippe_pillow sofa_AlbedoTransparency.png using Guid(f66d72b08e592ad4fa6bb54f5b516c4f) Importer(815301076,1909f56bfc062723c751e8b465ee728b) [PhysX] Initialized MultithreadedTaskDispatcher with 8 workers.
[PhysX] Initialized MultithreadedTaskDispatcher with 8 workers.
 -> (artifact id: 'a3a0d148430de09d4238c27aac7b77a2') in 0.005792 seconds
Number of updated asset objects reloaded before import = 0
Number of asset objects unloaded after import = 2
========================================================================
Received Import Request.
  Time since last request: 0.000044 seconds.
  path: Assets/LouisPhilippeAntiqueFurniture/texmap/LouisPhilippe_sofa bottom_Normal.png
  artifactKey: Guid(5f4e9e6990a61c84b938891d9ac5dc67) Importer(815301076,1909f56bfc062723c751e8b465ee728b)
Start importing Assets/LouisPhilippeAntiqueFurniture/texmap/LouisPhilippe_sofa bottom_Normal.png using Guid(5f4e9e6990a61c84b938891d9ac5dc67) Importer(815301076,1909f56bfc062723c751e8b465ee728b) [PhysX] Initialized MultithreadedTaskDispatcher with 8 workers.
[PhysX] Initialized MultithreadedTaskDispatcher with 8 workers.
 -> (artifact id: '52190cce849302c3a069ad54dd91188a') in 0.007570 seconds
Number of updated asset objects reloaded before import = 0
Number of asset objects unloaded after import = 2
========================================================================
Received Import Request.
  Time since last request: 0.000091 seconds.
  path: Assets/LouisPhilippeAntiqueFurniture/texmap/LouisPhilippe_pillow sofa_MetallicSmoothness.png
  artifactKey: Guid(0402c70b38fed204b9dfaad3f46c8175) Importer(815301076,1909f56bfc062723c751e8b465ee728b)
Start importing Assets/LouisPhilippeAntiqueFurniture/texmap/LouisPhilippe_pillow sofa_MetallicSmoothness.png using Guid(0402c70b38fed204b9dfaad3f46c8175) Importer(815301076,1909f56bfc062723c751e8b465ee728b) [PhysX] Initialized MultithreadedTaskDispatcher with 8 workers.
[PhysX] Initialized MultithreadedTaskDispatcher with 8 workers.
 -> (artifact id: 'a1b38f0d802892ced7b51cff68ecee2f') in 0.006988 seconds
Number of updated asset objects reloaded before import = 0
Number of asset objects unloaded after import = 2
========================================================================
Received Import Request.
  Time since last request: 0.000091 seconds.
  path: Assets/LouisPhilippeAntiqueFurniture/texmap/LouisPhilippe_pillow chair_AlbedoTransparency.png
  artifactKey: Guid(25ad493eaf7f81845af631ce42234f7f) Importer(815301076,1909f56bfc062723c751e8b465ee728b)
Start importing Assets/LouisPhilippeAntiqueFurniture/texmap/LouisPhilippe_pillow chair_AlbedoTransparency.png using Guid(25ad493eaf7f81845af631ce42234f7f) Importer(815301076,1909f56bfc062723c751e8b465ee728b) [PhysX] Initialized MultithreadedTaskDispatcher with 8 workers.
[PhysX] Initialized MultithreadedTaskDispatcher with 8 workers.
 -> (artifact id: '436734d7c14fb342a6a7cc0a3cba193b') in 0.005977 seconds
Number of updated asset objects reloaded before import = 0
Number of asset objects unloaded after import = 2
========================================================================
Received Import Request.
  Time since last request: 0.000122 seconds.
  path: Assets/LouisPhilippeAntiqueFurniture/texmap/LouisPhilippe_pillow chair_MetallicSmoothness.png
  artifactKey: Guid(3f42d7941ddd0eb4287957934c5c9f0f) Importer(815301076,1909f56bfc062723c751e8b465ee728b)
Start importing Assets/LouisPhilippeAntiqueFurniture/texmap/LouisPhilippe_pillow chair_MetallicSmoothness.png using Guid(3f42d7941ddd0eb4287957934c5c9f0f) Importer(815301076,1909f56bfc062723c751e8b465ee728b) [PhysX] Initialized MultithreadedTaskDispatcher with 8 workers.
[PhysX] Initialized MultithreadedTaskDispatcher with 8 workers.
 -> (artifact id: '0dce5f60a67690ecdfed7b9dd4997cb5') in 0.008068 seconds
Number of updated asset objects reloaded before import = 0
Number of asset objects unloaded after import = 2
========================================================================
Received Import Request.
  Time since last request: 0.000067 seconds.
  path: Assets/LouisPhilippeAntiqueFurniture/texmap/LouisPhilippe_sofa top_AlbedoTransparency.png
  artifactKey: Guid(ca492f207c468ef4e80f4f558de86606) Importer(815301076,1909f56bfc062723c751e8b465ee728b)
Start importing Assets/LouisPhilippeAntiqueFurniture/texmap/LouisPhilippe_sofa top_AlbedoTransparency.png using Guid(ca492f207c468ef4e80f4f558de86606) Importer(815301076,1909f56bfc062723c751e8b465ee728b) [PhysX] Initialized MultithreadedTaskDispatcher with 8 workers.
[PhysX] Initialized MultithreadedTaskDispatcher with 8 workers.
 -> (artifact id: 'f78884f6dc168e38a19016f0838a1eb4') in 0.006399 seconds
Number of updated asset objects reloaded before import = 0
Number of asset objects unloaded after import = 2
========================================================================
Received Import Request.
  Time since last request: 0.000092 seconds.
  path: Assets/LouisPhilippeAntiqueFurniture/texmap/LouisPhilippe_pillow chair_Normal.png
  artifactKey: Guid(a488c44e93843e5408a640ae5417228c) Importer(815301076,1909f56bfc062723c751e8b465ee728b)
Start importing Assets/LouisPhilippeAntiqueFurniture/texmap/LouisPhilippe_pillow chair_Normal.png using Guid(a488c44e93843e5408a640ae5417228c) Importer(815301076,1909f56bfc062723c751e8b465ee728b) [PhysX] Initialized MultithreadedTaskDispatcher with 8 workers.
[PhysX] Initialized MultithreadedTaskDispatcher with 8 workers.
 -> (artifact id: '0a998a72739a379852b6fc20f3acc394') in 0.008551 seconds
Number of updated asset objects reloaded before import = 0
Number of asset objects unloaded after import = 2
========================================================================
Received Import Request.
  Time since last request: 0.000109 seconds.
  path: Assets/LouisPhilippeAntiqueFurniture/texmap/LouisPhilippe_pillow sofa_Normal.png
  artifactKey: Guid(f40daf859192496419368c89fef6575e) Importer(815301076,1909f56bfc062723c751e8b465ee728b)
Start importing Assets/LouisPhilippeAntiqueFurniture/texmap/LouisPhilippe_pillow sofa_Normal.png using Guid(f40daf859192496419368c89fef6575e) Importer(815301076,1909f56bfc062723c751e8b465ee728b) [PhysX] Initialized MultithreadedTaskDispatcher with 8 workers.
[PhysX] Initialized MultithreadedTaskDispatcher with 8 workers.
 -> (artifact id: '61b98900396307c2ece6bae914dba109') in 0.007580 seconds
Number of updated asset objects reloaded before import = 0
Number of asset objects unloaded after import = 2
========================================================================
Received Import Request.
  Time since last request: 0.000109 seconds.
  path: Assets/LouisPhilippeAntiqueFurniture/texmap/LouisPhilippe_sofa bottom_MetallicSmoothness.png
  artifactKey: Guid(cfe24fa1ff941d64d81397192d2b44b6) Importer(815301076,1909f56bfc062723c751e8b465ee728b)
Start importing Assets/LouisPhilippeAntiqueFurniture/texmap/LouisPhilippe_sofa bottom_MetallicSmoothness.png using Guid(cfe24fa1ff941d64d81397192d2b44b6) Importer(815301076,1909f56bfc062723c751e8b465ee728b) [PhysX] Initialized MultithreadedTaskDispatcher with 8 workers.
[PhysX] Initialized MultithreadedTaskDispatcher with 8 workers.
 -> (artifact id: '8b04abcaf4d8d043c8b4faf2b3d9cc6d') in 0.007879 seconds
Number of updated asset objects reloaded before import = 0
Number of asset objects unloaded after import = 2
========================================================================
Received Import Request.
  Time since last request: 650.478430 seconds.
  path: Assets/Wardrobe Collection 1/Models/Materials/black glass.mat
  artifactKey: Guid(32ce57f267e1b4e46867f500cbc0fd64) Importer(815301076,1909f56bfc062723c751e8b465ee728b)
Start importing Assets/Wardrobe Collection 1/Models/Materials/black glass.mat using Guid(32ce57f267e1b4e46867f500cbc0fd64) Importer(815301076,1909f56bfc062723c751e8b465ee728b) [PhysX] Initialized MultithreadedTaskDispatcher with 8 workers.
[PhysX] Initialized MultithreadedTaskDispatcher with 8 workers.
 -> (artifact id: 'b3b1cde91f849da3469c81fa624133df') in 0.027431 seconds
Number of updated asset objects reloaded before import = 0
Number of asset objects unloaded after import = 2
========================================================================
Received Import Request.
  Time since last request: 0.000153 seconds.
  path: Assets/LouisPhilippeAntiqueFurniture/mat/chair_pillow.mat
  artifactKey: Guid(c36d5e27bfa609e48a219eb3197da5ea) Importer(815301076,1909f56bfc062723c751e8b465ee728b)
Start importing Assets/LouisPhilippeAntiqueFurniture/mat/chair_pillow.mat using Guid(c36d5e27bfa609e48a219eb3197da5ea) Importer(815301076,1909f56bfc062723c751e8b465ee728b) [PhysX] Initialized MultithreadedTaskDispatcher with 8 workers.
[PhysX] Initialized MultithreadedTaskDispatcher with 8 workers.
 -> (artifact id: 'd96532dec6ee1720015dbaa4070a1eed') in 0.477020 seconds
Number of updated asset objects reloaded before import = 0
Number of asset objects unloaded after import = 4
========================================================================
Received Import Request.
  Time since last request: 151.810083 seconds.
  path: Assets/Wardrobe Collection 1/Models/Materials/metal 2.mat
  artifactKey: Guid(ca96db614dbb513489941afac89fc09c) Importer(815301076,1909f56bfc062723c751e8b465ee728b)
Start importing Assets/Wardrobe Collection 1/Models/Materials/metal 2.mat using Guid(ca96db614dbb513489941afac89fc09c) Importer(815301076,1909f56bfc062723c751e8b465ee728b) [PhysX] Initialized MultithreadedTaskDispatcher with 8 workers.
[PhysX] Initialized MultithreadedTaskDispatcher with 8 workers.
 -> (artifact id: '15106f035cb5ad15052ea7ce8e502c31') in 0.023585 seconds
Number of updated asset objects reloaded before import = 0
Number of asset objects unloaded after import = 1
========================================================================
Received Import Request.
  Time since last request: 0.536738 seconds.
  path: Assets/Wardrobe Collection 1/Models/Materials/Parquet.mat
  artifactKey: Guid(f40291ef6916a1444af3ceddcf55597b) Importer(815301076,1909f56bfc062723c751e8b465ee728b)
Start importing Assets/Wardrobe Collection 1/Models/Materials/Parquet.mat using Guid(f40291ef6916a1444af3ceddcf55597b) Importer(815301076,1909f56bfc062723c751e8b465ee728b) [PhysX] Initialized MultithreadedTaskDispatcher with 8 workers.
[PhysX] Initialized MultithreadedTaskDispatcher with 8 workers.
 -> (artifact id: 'b77f95788d9398b4e7d9559385d205bc') in 0.304631 seconds
Number of updated asset objects reloaded before import = 0
Number of asset objects unloaded after import = 3
========================================================================
Received Import Request.
  Time since last request: 0.000090 seconds.
  path: Assets/LouisPhilippeAntiqueFurniture/mat/sofa_bottom.mat
  artifactKey: Guid(15461e9b822046f429977ff5ae28c78c) Importer(815301076,1909f56bfc062723c751e8b465ee728b)
Start importing Assets/LouisPhilippeAntiqueFurniture/mat/sofa_bottom.mat using Guid(15461e9b822046f429977ff5ae28c78c) Importer(815301076,1909f56bfc062723c751e8b465ee728b) [PhysX] Initialized MultithreadedTaskDispatcher with 8 workers.
[PhysX] Initialized MultithreadedTaskDispatcher with 8 workers.
 -> (artifact id: '10dd70c61ba8612960776ec35a481dac') in 0.025644 seconds
Number of updated asset objects reloaded before import = 0
Number of asset objects unloaded after import = 4
========================================================================
Received Import Request.
  Time since last request: 0.000043 seconds.
  path: Assets/LouisPhilippeAntiqueFurniture/mat/sofa_top.mat
  artifactKey: Guid(d04143e4d30396048993358bd83c7a04) Importer(815301076,1909f56bfc062723c751e8b465ee728b)
Start importing Assets/LouisPhilippeAntiqueFurniture/mat/sofa_top.mat using Guid(d04143e4d30396048993358bd83c7a04) Importer(815301076,1909f56bfc062723c751e8b465ee728b) [PhysX] Initialized MultithreadedTaskDispatcher with 8 workers.
[PhysX] Initialized MultithreadedTaskDispatcher with 8 workers.
 -> (artifact id: 'd1b024bec07b8dfe9e90c43c2281790d') in 0.016493 seconds
Number of updated asset objects reloaded before import = 0
Number of asset objects unloaded after import = 4
========================================================================
Received Import Request.
  Time since last request: 0.000108 seconds.
  path: Assets/LouisPhilippeAntiqueFurniture/mat/sofa_pillow.mat
  artifactKey: Guid(90acc8fc0ddfbc7438be17a754dba141) Importer(815301076,1909f56bfc062723c751e8b465ee728b)
Start importing Assets/LouisPhilippeAntiqueFurniture/mat/sofa_pillow.mat using Guid(90acc8fc0ddfbc7438be17a754dba141) Importer(815301076,1909f56bfc062723c751e8b465ee728b) [PhysX] Initialized MultithreadedTaskDispatcher with 8 workers.
[PhysX] Initialized MultithreadedTaskDispatcher with 8 workers.
 -> (artifact id: 'e44bc80b3638b20be5922c08459b9fd1') in 0.014941 seconds
Number of updated asset objects reloaded before import = 0
Number of asset objects unloaded after import = 4
========================================================================
Received Import Request.
  Time since last request: 6.902791 seconds.
  path: Assets/Wardrobe Collection 1/Models/Materials/wardrobe metal.mat
  artifactKey: Guid(3ce9fe04b1c44b0428252af3f4e5dbff) Importer(815301076,1909f56bfc062723c751e8b465ee728b)
Start importing Assets/Wardrobe Collection 1/Models/Materials/wardrobe metal.mat using Guid(3ce9fe04b1c44b0428252af3f4e5dbff) Importer(815301076,1909f56bfc062723c751e8b465ee728b) [PhysX] Initialized MultithreadedTaskDispatcher with 8 workers.
[PhysX] Initialized MultithreadedTaskDispatcher with 8 workers.
 -> (artifact id: '6351e8f3c3b4261257852c5011538a95') in 0.012554 seconds
Number of updated asset objects reloaded before import = 0
Number of asset objects unloaded after import = 1
========================================================================
Received Import Request.
  Time since last request: 4.055180 seconds.
  path: Assets/Wardrobe Collection 1/Models/Materials/white color.mat
  artifactKey: Guid(0ada8fbb87ecf7941aa040c8d5aba75f) Importer(815301076,1909f56bfc062723c751e8b465ee728b)
Start importing Assets/Wardrobe Collection 1/Models/Materials/white color.mat using Guid(0ada8fbb87ecf7941aa040c8d5aba75f) Importer(815301076,1909f56bfc062723c751e8b465ee728b) [PhysX] Initialized MultithreadedTaskDispatcher with 8 workers.
[PhysX] Initialized MultithreadedTaskDispatcher with 8 workers.
 -> (artifact id: '9cdc8b4b4dd0d555d012ca270f4da5c9') in 0.014254 seconds
Number of updated asset objects reloaded before import = 0
Number of asset objects unloaded after import = 2
========================================================================
Received Import Request.
  Time since last request: 2.452603 seconds.
  path: Assets/Wardrobe Collection 1/Models/Materials/wood 4.mat
  artifactKey: Guid(57cb26f6a1ced7a4da563754623ab0c7) Importer(815301076,1909f56bfc062723c751e8b465ee728b)
Start importing Assets/Wardrobe Collection 1/Models/Materials/wood 4.mat using Guid(57cb26f6a1ced7a4da563754623ab0c7) Importer(815301076,1909f56bfc062723c751e8b465ee728b) [PhysX] Initialized MultithreadedTaskDispatcher with 8 workers.
[PhysX] Initialized MultithreadedTaskDispatcher with 8 workers.
 -> (artifact id: '89d3341604bb0776504881234262a29b') in 0.013364 seconds
Number of updated asset objects reloaded before import = 0
Number of asset objects unloaded after import = 2
========================================================================
Received Import Request.
  Time since last request: 0.080856 seconds.
  path: Assets/Wardrobe Collection 1/Models/Materials/wood 7.mat
  artifactKey: Guid(3108f608b280a2b4189ded634b063aa1) Importer(815301076,1909f56bfc062723c751e8b465ee728b)
Start importing Assets/Wardrobe Collection 1/Models/Materials/wood 7.mat using Guid(3108f608b280a2b4189ded634b063aa1) Importer(815301076,1909f56bfc062723c751e8b465ee728b) [PhysX] Initialized MultithreadedTaskDispatcher with 8 workers.
[PhysX] Initialized MultithreadedTaskDispatcher with 8 workers.
 -> (artifact id: 'cdd7759e61f3b2a9df93aaea27ed27c3') in 0.006817 seconds
Number of updated asset objects reloaded before import = 0
Number of asset objects unloaded after import = 2
========================================================================
Received Import Request.
  Time since last request: 1.613030 seconds.
  path: Assets/Wardrobe Collection 1/Models/Materials/wood 10.mat
  artifactKey: Guid(08281214b4f35d247bcd68cca5f8edec) Importer(815301076,1909f56bfc062723c751e8b465ee728b)
Start importing Assets/Wardrobe Collection 1/Models/Materials/wood 10.mat using Guid(08281214b4f35d247bcd68cca5f8edec) Importer(815301076,1909f56bfc062723c751e8b465ee728b) [PhysX] Initialized MultithreadedTaskDispatcher with 8 workers.
[PhysX] Initialized MultithreadedTaskDispatcher with 8 workers.
 -> (artifact id: 'f7a9d80d502aefaa8b7e67adff3be80b') in 0.009141 seconds
Number of updated asset objects reloaded before import = 0
Number of asset objects unloaded after import = 2
========================================================================
Received Import Request.
  Time since last request: 3.487993 seconds.
  path: Assets/Wardrobe Collection 1/Models/Materials/wood 12.mat
  artifactKey: Guid(f4ae25d1e78ef774188c28160354eb44) Importer(815301076,1909f56bfc062723c751e8b465ee728b)
Start importing Assets/Wardrobe Collection 1/Models/Materials/wood 12.mat using Guid(f4ae25d1e78ef774188c28160354eb44) Importer(815301076,1909f56bfc062723c751e8b465ee728b) [PhysX] Initialized MultithreadedTaskDispatcher with 8 workers.
[PhysX] Initialized MultithreadedTaskDispatcher with 8 workers.
 -> (artifact id: 'effeb0f7545cc8d78f42a3965f2fd121') in 0.009970 seconds
Number of updated asset objects reloaded before import = 0
Number of asset objects unloaded after import = 2
========================================================================
Received Import Request.
  Time since last request: 1.692613 seconds.
  path: Assets/Wardrobe Collection 1/Models/Materials/wood 14.mat
  artifactKey: Guid(d44053b39c3ae614a94870808372e727) Importer(815301076,1909f56bfc062723c751e8b465ee728b)
Start importing Assets/Wardrobe Collection 1/Models/Materials/wood 14.mat using Guid(d44053b39c3ae614a94870808372e727) Importer(815301076,1909f56bfc062723c751e8b465ee728b) [PhysX] Initialized MultithreadedTaskDispatcher with 8 workers.
[PhysX] Initialized MultithreadedTaskDispatcher with 8 workers.
 -> (artifact id: '8f04f76090bbe7cfc91b0dcff42fbebf') in 0.010477 seconds
Number of updated asset objects reloaded before import = 0
Number of asset objects unloaded after import = 2
========================================================================
Received Import Request.
  Time since last request: 89645.885730 seconds.
  path: Assets/AssetsStore/Garage_props/Assets/Prefabs/rack.prefab
  artifactKey: Guid(a8b30dd5300c3f24e946864a2647487f) Importer(815301076,1909f56bfc062723c751e8b465ee728b)
Start importing Assets/AssetsStore/Garage_props/Assets/Prefabs/rack.prefab using Guid(a8b30dd5300c3f24e946864a2647487f) Importer(815301076,1909f56bfc062723c751e8b465ee728b) [PhysX] Initialized MultithreadedTaskDispatcher with 8 workers.
[PhysX] Initialized MultithreadedTaskDispatcher with 8 workers.
 -> (artifact id: '3475cea874d91f6c1fd6a2e739074257') in 0.814882 seconds
Number of updated asset objects reloaded before import = 0
Number of asset objects unloaded after import = 14
========================================================================
Received Import Request.
  Time since last request: 0.000108 seconds.
  path: Assets/AssetsStore/Garage_props/Assets/Prefabs/stul.prefab
  artifactKey: Guid(68defb16bd226214795c8785053ffdf6) Importer(815301076,1909f56bfc062723c751e8b465ee728b)
Start importing Assets/AssetsStore/Garage_props/Assets/Prefabs/stul.prefab using Guid(68defb16bd226214795c8785053ffdf6) Importer(815301076,1909f56bfc062723c751e8b465ee728b) [PhysX] Initialized MultithreadedTaskDispatcher with 8 workers.
[PhysX] Initialized MultithreadedTaskDispatcher with 8 workers.
 -> (artifact id: '67695e85b1981e77aed2cf89aab07170') in 0.079966 seconds
Number of updated asset objects reloaded before import = 0
Number of asset objects unloaded after import = 14
========================================================================
Received Import Request.
  Time since last request: 0.000089 seconds.
  path: Assets/AssetsStore/Garage_props/Assets/Prefabs/table.prefab
  artifactKey: Guid(373095bd3f7ddb948bce9f5ece6ef02d) Importer(815301076,1909f56bfc062723c751e8b465ee728b)
Start importing Assets/AssetsStore/Garage_props/Assets/Prefabs/table.prefab using Guid(373095bd3f7ddb948bce9f5ece6ef02d) Importer(815301076,1909f56bfc062723c751e8b465ee728b) [PhysX] Initialized MultithreadedTaskDispatcher with 8 workers.
[PhysX] Initialized MultithreadedTaskDispatcher with 8 workers.
 -> (artifact id: 'e81948eafdb66dd6e3a0c7f8fa1367d4') in 0.051805 seconds
Number of updated asset objects reloaded before import = 0
Number of asset objects unloaded after import = 16
========================================================================
Received Prepare
Begin MonoManager ReloadAssembly
Thread 0x16d243000 may have been prematurely finalized
- Loaded All Assemblies, in  0.719 seconds
Refreshing native plugins compatible for Editor in 0.65 ms, found 2 plugins.
Native extension for OSXStandalone target not found
Native extension for WebGL target not found
[Package Manager] Server::EnsureServerProcessIsRunning -- launch failed, reason: Unity was launched with the -noUpm command-line argument
[Package Manager] UpmClient::Send -- Unable to send message (not connected to UPM process).
[Package Manager] Cannot connect to Unity Package Manager local server
Mono: successfully reloaded assembly
- Finished resetting the current domain, in  1.655 seconds
Domain Reload Profiling: 2375ms
	BeginReloadAssembly (242ms)
		ExecutionOrderSort (0ms)
		DisableScriptedObjects (7ms)
		BackupInstance (0ms)
		ReleaseScriptingObjects (0ms)
		CreateAndSetChildDomain (98ms)
	RebuildCommonClasses (24ms)
	RebuildNativeTypeToScriptingClass (8ms)
	initialDomainReloadingComplete (22ms)
	LoadAllAssembliesAndSetupDomain (423ms)
		LoadAssemblies (432ms)
		RebuildTransferFunctionScriptingTraits (0ms)
		AnalyzeDomain (72ms)
			TypeCache.Refresh (46ms)
				TypeCache.ScanAssembly (13ms)
			ScanForSourceGeneratedMonoScriptInfo (11ms)
			ResolveRequiredComponents (14ms)
	FinalizeReload (1655ms)
		ReleaseScriptCaches (0ms)
		RebuildScriptCaches (0ms)
		SetupLoadedEditorAssemblies (367ms)
			LogAssemblyErrors (0ms)
			InitializePlatformSupportModulesInManaged (4ms)
			SetLoadedEditorAssemblies (2ms)
			RefreshPlugins (0ms)
			BeforeProcessingInitializeOnLoad (35ms)
			ProcessInitializeOnLoadAttributes (312ms)
			ProcessInitializeOnLoadMethodAttributes (12ms)
			AfterProcessingInitializeOnLoad (1ms)
			EditorAssembliesLoaded (0ms)
		ExecutionOrderSort2 (0ms)
		AwakeInstancesAfterBackupRestoration (3ms)
Refreshing native plugins compatible for Editor in 0.87 ms, found 2 plugins.
Preloading 0 native plugins for Editor in 0.00 ms.
Unloading 3567 Unused Serialized files (Serialized files now loaded: 0)
Unloading 69 unused Assets / (3.7 MB). Loaded Objects now: 4049.
Memory consumption went from 171.7 MB to 168.0 MB.
Total: 3.807667 ms (FindLiveObjects: 0.132708 ms CreateObjectMapping: 0.047333 ms MarkObjects: 2.649584 ms  DeleteObjects: 0.976292 ms)

Prepare: number of updated asset objects reloaded= 0
AssetImportParameters requested are different than current active one (requested -> active):
  custom:container-demuxer-ogg: 62fdf1f143b41e24485cea50d1cbac27 -> 
  custom:video-decoder-ogg-theora: a1e56fd34408186e4bbccfd4996cb3dc -> 
  custom:CustomObjectIndexerAttribute: 9a22284fe3817be447336de3de66b15e -> 
  custom:container-demuxer-webm: 4f35f7cbe854078d1ac9338744f61a02 -> 
  custom:container-muxer-webm: aa71ff27fc2769a1b78a27578f13a17b -> 
  custom:video-decoder-webm-vp8: 9c59270c3fd7afecdb556c50c9e8de78 -> 
  custom:SearchIndexIgnoredProperties: e643bd26f0fe6173181afceb89e7c659 -> 
  custom:AudioImporter_EditorPlatform: 3918e3fc78b5a79bad01e8451be0beb8 -> 
  custom:framework-osx-AVFoundation: e770b220cccbd017edd2c1fefb359320 -> 
  custom:video-encoder-webm-vp8: eb34c28f22e8b96e1ab97ce403110664 -> 
  custom:audio-decoder-ogg-vorbis: bf7c407c2cedff20999df2af8eb42d56 -> 
  custom:audio-encoder-webm-vorbis: bf7c407c2cedff20999df2af8eb42d56 -> 
========================================================================
Received Import Request.
  Time since last request: 3162.942961 seconds.
  path: Packages/com.unity.probuilder/Content/Resources/Materials/EdgePicker.mat
  artifactKey: Guid(4ff996e3a0a5743a3987ab6231160665) Importer(815301076,1909f56bfc062723c751e8b465ee728b)
Start importing Packages/com.unity.probuilder/Content/Resources/Materials/EdgePicker.mat using Guid(4ff996e3a0a5743a3987ab6231160665) Importer(815301076,1909f56bfc062723c751e8b465ee728b) [PhysX] Initialized MultithreadedTaskDispatcher with 8 workers.
[PhysX] Initialized MultithreadedTaskDispatcher with 8 workers.
 -> (artifact id: 'ee96d0894918fda84e1b779b357dc42e') in 0.269753 seconds
Number of updated asset objects reloaded before import = 0
Number of asset objects unloaded after import = 2
========================================================================
Received Import Request.
  Time since last request: 0.000040 seconds.
  path: Packages/com.unity.probuilder/Content/Resources/Materials/VertexPickerHDRP.mat
  artifactKey: Guid(7d5c9fc287a2aa945a98203d41282923) Importer(815301076,1909f56bfc062723c751e8b465ee728b)
Start importing Packages/com.unity.probuilder/Content/Resources/Materials/VertexPickerHDRP.mat using Guid(7d5c9fc287a2aa945a98203d41282923) Importer(815301076,1909f56bfc062723c751e8b465ee728b) [PhysX] Initialized MultithreadedTaskDispatcher with 8 workers.
[PhysX] Initialized MultithreadedTaskDispatcher with 8 workers.
 -> (artifact id: '297136d3ae453e70ed1c24521ef86c88') in 0.022686 seconds
Number of updated asset objects reloaded before import = 0
Number of asset objects unloaded after import = 1
========================================================================
Received Import Request.
  Time since last request: 0.000082 seconds.
  path: Packages/com.unity.probuilder/Content/Resources/Materials/Trigger.mat
  artifactKey: Guid(a1e97cbf2538241b691aae8243b5fb10) Importer(815301076,1909f56bfc062723c751e8b465ee728b)
Start importing Packages/com.unity.probuilder/Content/Resources/Materials/Trigger.mat using Guid(a1e97cbf2538241b691aae8243b5fb10) Importer(815301076,1909f56bfc062723c751e8b465ee728b) [PhysX] Initialized MultithreadedTaskDispatcher with 8 workers.
[PhysX] Initialized MultithreadedTaskDispatcher with 8 workers.
 -> (artifact id: 'de4d8f59f162def2757649eeb9908530') in 0.061608 seconds
Number of updated asset objects reloaded before import = 0
Number of asset objects unloaded after import = 2
========================================================================
Received Import Request.
  Time since last request: 0.000144 seconds.
  path: Packages/com.unity.probuilder/Content/Resources/Materials/ProBuilderDefault.mat
  artifactKey: Guid(c22777d6e868e4f2fb421913386b154e) Importer(815301076,1909f56bfc062723c751e8b465ee728b)
Start importing Packages/com.unity.probuilder/Content/Resources/Materials/ProBuilderDefault.mat using Guid(c22777d6e868e4f2fb421913386b154e) Importer(815301076,1909f56bfc062723c751e8b465ee728b) [PhysX] Initialized MultithreadedTaskDispatcher with 8 workers.
[PhysX] Initialized MultithreadedTaskDispatcher with 8 workers.
 -> (artifact id: '8e69c51b80c7e934e8229cdbfea91408') in 0.279984 seconds
Number of updated asset objects reloaded before import = 0
Number of asset objects unloaded after import = 3
========================================================================
Received Import Request.
  Time since last request: 8.211926 seconds.
  path: Assets/AssetsStore/Garage_props/Assets/Materials/barrels_green.mat
  artifactKey: Guid(e5f667a9495cad146bb6f949cb376e78) Importer(815301076,1909f56bfc062723c751e8b465ee728b)
Start importing Assets/AssetsStore/Garage_props/Assets/Materials/barrels_green.mat using Guid(e5f667a9495cad146bb6f949cb376e78) Importer(815301076,1909f56bfc062723c751e8b465ee728b) [PhysX] Initialized MultithreadedTaskDispatcher with 8 workers.
[PhysX] Initialized MultithreadedTaskDispatcher with 8 workers.
 -> (artifact id: '8850b1588d6e8e27b1b552070e5c1776') in 0.044578 seconds
Number of updated asset objects reloaded before import = 0
Number of asset objects unloaded after import = 4
========================================================================
Received Import Request.
  Time since last request: 0.000194 seconds.
  path: Assets/AssetsStore/Garage_props/Assets/Materials/barrels_red.mat
  artifactKey: Guid(38899c079cdaf7947aa74abbf7a81646) Importer(815301076,1909f56bfc062723c751e8b465ee728b)
Start importing Assets/AssetsStore/Garage_props/Assets/Materials/barrels_red.mat using Guid(38899c079cdaf7947aa74abbf7a81646) Importer(815301076,1909f56bfc062723c751e8b465ee728b) [PhysX] Initialized MultithreadedTaskDispatcher with 8 workers.
[PhysX] Initialized MultithreadedTaskDispatcher with 8 workers.
 -> (artifact id: '3f7251124b72f7913b70d0ff5b8dff50') in 0.017517 seconds
Number of updated asset objects reloaded before import = 0
Number of asset objects unloaded after import = 4
========================================================================
Received Import Request.
  Time since last request: 0.000080 seconds.
  path: Assets/AssetsStore/Garage_props/Assets/Materials/barrels_purple.mat
  artifactKey: Guid(6158f3288a60f964b905c15464ecd88c) Importer(815301076,1909f56bfc062723c751e8b465ee728b)
Start importing Assets/AssetsStore/Garage_props/Assets/Materials/barrels_purple.mat using Guid(6158f3288a60f964b905c15464ecd88c) Importer(815301076,1909f56bfc062723c751e8b465ee728b) [PhysX] Initialized MultithreadedTaskDispatcher with 8 workers.
[PhysX] Initialized MultithreadedTaskDispatcher with 8 workers.
 -> (artifact id: '33e0f23918273546507e8f5bda338ed0') in 0.019686 seconds
Number of updated asset objects reloaded before import = 0
Number of asset objects unloaded after import = 4
========================================================================
Received Import Request.
  Time since last request: 0.000241 seconds.
  path: Assets/AssetsStore/Garage_props/Assets/Materials/barrels_old.mat
  artifactKey: Guid(c91dcee696abaf840b9d8266b1f2d516) Importer(815301076,1909f56bfc062723c751e8b465ee728b)
Start importing Assets/AssetsStore/Garage_props/Assets/Materials/barrels_old.mat using Guid(c91dcee696abaf840b9d8266b1f2d516) Importer(815301076,1909f56bfc062723c751e8b465ee728b) [PhysX] Initialized MultithreadedTaskDispatcher with 8 workers.
[PhysX] Initialized MultithreadedTaskDispatcher with 8 workers.
 -> (artifact id: '6bae3f29d7d9f720b6af85cc546d985e') in 0.025804 seconds
Number of updated asset objects reloaded before import = 0
Number of asset objects unloaded after import = 3
========================================================================
Received Import Request.
  Time since last request: 930.605122 seconds.
  path: Assets/Wardrobe Collection 1/Textures/black glass.png
  artifactKey: Guid(e0439788cc9ae114389a7b71cc8773b3) Importer(815301076,1909f56bfc062723c751e8b465ee728b)
Start importing Assets/Wardrobe Collection 1/Textures/black glass.png using Guid(e0439788cc9ae114389a7b71cc8773b3) Importer(815301076,1909f56bfc062723c751e8b465ee728b) [PhysX] Initialized MultithreadedTaskDispatcher with 8 workers.
[PhysX] Initialized MultithreadedTaskDispatcher with 8 workers.
 -> (artifact id: '1a7fbad1d3616edc954a62d002876ca3') in 0.052514 seconds
Number of updated asset objects reloaded before import = 0
Number of asset objects unloaded after import = 2
========================================================================
Received Import Request.
  Time since last request: 0.000095 seconds.
  path: Assets/Wardrobe Collection 1/Textures/color 2.png
  artifactKey: Guid(903eb7540ca0423438335edcaf68df24) Importer(815301076,1909f56bfc062723c751e8b465ee728b)
Start importing Assets/Wardrobe Collection 1/Textures/color 2.png using Guid(903eb7540ca0423438335edcaf68df24) Importer(815301076,1909f56bfc062723c751e8b465ee728b) [PhysX] Initialized MultithreadedTaskDispatcher with 8 workers.
[PhysX] Initialized MultithreadedTaskDispatcher with 8 workers.
 -> (artifact id: 'a7228310d89e03952cf1cbf2874bcd5d') in 0.005701 seconds
Number of updated asset objects reloaded before import = 0
Number of asset objects unloaded after import = 2
========================================================================
Received Import Request.
  Time since last request: 0.000131 seconds.
  path: Assets/Wardrobe Collection 1/Textures/blue color.png
  artifactKey: Guid(dcf62801e5b4cea41a17f7432c76bf0a) Importer(815301076,1909f56bfc062723c751e8b465ee728b)
Start importing Assets/Wardrobe Collection 1/Textures/blue color.png using Guid(dcf62801e5b4cea41a17f7432c76bf0a) Importer(815301076,1909f56bfc062723c751e8b465ee728b) [PhysX] Initialized MultithreadedTaskDispatcher with 8 workers.
[PhysX] Initialized MultithreadedTaskDispatcher with 8 workers.
 -> (artifact id: '58ae3cbede05c6fcd6559d645a38dfcc') in 0.009401 seconds
Number of updated asset objects reloaded before import = 0
Number of asset objects unloaded after import = 2
========================================================================
Received Import Request.
  Time since last request: 0.000068 seconds.
  path: Assets/Wardrobe Collection 1/Textures/fabric 1 N.png
  artifactKey: Guid(9cd4b62ffd2d65c41b6c2232b973356c) Importer(815301076,1909f56bfc062723c751e8b465ee728b)
Start importing Assets/Wardrobe Collection 1/Textures/fabric 1 N.png using Guid(9cd4b62ffd2d65c41b6c2232b973356c) Importer(815301076,1909f56bfc062723c751e8b465ee728b) [PhysX] Initialized MultithreadedTaskDispatcher with 8 workers.
[PhysX] Initialized MultithreadedTaskDispatcher with 8 workers.
 -> (artifact id: '21a6b30d0d1faddbd2b1289fa68f4fe5') in 0.008623 seconds
Number of updated asset objects reloaded before import = 0
Number of asset objects unloaded after import = 2
========================================================================
Received Import Request.
  Time since last request: 0.000167 seconds.
  path: Assets/Wardrobe Collection 1/PostProcessing/Utilities/CustomMotionTexture/Textures/DebugMotionVectors.png
  artifactKey: Guid(3aac3087967ea4fae858ec0494fd24d9) Importer(815301076,1909f56bfc062723c751e8b465ee728b)
Start importing Assets/Wardrobe Collection 1/PostProcessing/Utilities/CustomMotionTexture/Textures/DebugMotionVectors.png using Guid(3aac3087967ea4fae858ec0494fd24d9) Importer(815301076,1909f56bfc062723c751e8b465ee728b) [PhysX] Initialized MultithreadedTaskDispatcher with 8 workers.
[PhysX] Initialized MultithreadedTaskDispatcher with 8 workers.
 -> (artifact id: 'cd1785ff571824c545a44404a982baa1') in 0.005580 seconds
Number of updated asset objects reloaded before import = 0
Number of asset objects unloaded after import = 2
========================================================================
Received Import Request.
  Time since last request: 2.255151 seconds.
  path: Assets/AssetsStore/Garage_props/Assets/Textures/Furniture_garage_Height.tga
  artifactKey: Guid(04cc4f7a5d8e3b84dbd71bf6a304eadc) Importer(815301076,1909f56bfc062723c751e8b465ee728b)
Start importing Assets/AssetsStore/Garage_props/Assets/Textures/Furniture_garage_Height.tga using Guid(04cc4f7a5d8e3b84dbd71bf6a304eadc) Importer(815301076,1909f56bfc062723c751e8b465ee728b) [PhysX] Initialized MultithreadedTaskDispatcher with 8 workers.
[PhysX] Initialized MultithreadedTaskDispatcher with 8 workers.
 -> (artifact id: '3cb55eb7b94c97f0b88973f3c2e506aa') in 0.035561 seconds
Number of updated asset objects reloaded before import = 0
Number of asset objects unloaded after import = 2
========================================================================
Received Import Request.
  Time since last request: 0.033848 seconds.
  path: Assets/AssetsStore/Garage_props/Assets/Textures/Furniture_garage_Mixed_AO.tga
  artifactKey: Guid(9d30a79d0df4caa478d5a88985af90ba) Importer(815301076,1909f56bfc062723c751e8b465ee728b)
Start importing Assets/AssetsStore/Garage_props/Assets/Textures/Furniture_garage_Mixed_AO.tga using Guid(9d30a79d0df4caa478d5a88985af90ba) Importer(815301076,1909f56bfc062723c751e8b465ee728b) [PhysX] Initialized MultithreadedTaskDispatcher with 8 workers.
[PhysX] Initialized MultithreadedTaskDispatcher with 8 workers.
 -> (artifact id: '63b936c446f7c9ef2368d0db3ed38b2f') in 0.013828 seconds
Number of updated asset objects reloaded before import = 0
Number of asset objects unloaded after import = 2
========================================================================
Received Import Request.
  Time since last request: 0.024315 seconds.
  path: Assets/AssetsStore/Garage_props/Assets/Textures/Furniture_garage_Roughness.tga
  artifactKey: Guid(db6c1db9092c75e449dd9cd4243a194a) Importer(815301076,1909f56bfc062723c751e8b465ee728b)
Start importing Assets/AssetsStore/Garage_props/Assets/Textures/Furniture_garage_Roughness.tga using Guid(db6c1db9092c75e449dd9cd4243a194a) Importer(815301076,1909f56bfc062723c751e8b465ee728b) [PhysX] Initialized MultithreadedTaskDispatcher with 8 workers.
[PhysX] Initialized MultithreadedTaskDispatcher with 8 workers.
 -> (artifact id: 'f8e54ba7fd2539e83f2577e2bdd232c9') in 0.024641 seconds
Number of updated asset objects reloaded before import = 0
Number of asset objects unloaded after import = 2
========================================================================
Received Import Request.
  Time since last request: 1.240126 seconds.
  path: Assets/Wardrobe Collection 1/PostProcessing/Resources/Bluenoise64/LDR_LLL1_1.png
  artifactKey: Guid(3c2f1fb7e4b66e74191b7c328ada52d9) Importer(815301076,1909f56bfc062723c751e8b465ee728b)
Start importing Assets/Wardrobe Collection 1/PostProcessing/Resources/Bluenoise64/LDR_LLL1_1.png using Guid(3c2f1fb7e4b66e74191b7c328ada52d9) Importer(815301076,1909f56bfc062723c751e8b465ee728b) [PhysX] Initialized MultithreadedTaskDispatcher with 8 workers.
[PhysX] Initialized MultithreadedTaskDispatcher with 8 workers.
 -> (artifact id: 'fdde21ab1cec097c5b36eaac08af5b5b') in 0.079411 seconds
Number of updated asset objects reloaded before import = 0
Number of asset objects unloaded after import = 2
========================================================================
Received Import Request.
  Time since last request: 0.037211 seconds.
  path: Assets/Wardrobe Collection 1/PostProcessing/Resources/Bluenoise64/LDR_LLL1_3.png
  artifactKey: Guid(373f9bf6b0841af4ebf26d25e4a3f4e2) Importer(815301076,1909f56bfc062723c751e8b465ee728b)
Start importing Assets/Wardrobe Collection 1/PostProcessing/Resources/Bluenoise64/LDR_LLL1_3.png using Guid(373f9bf6b0841af4ebf26d25e4a3f4e2) Importer(815301076,1909f56bfc062723c751e8b465ee728b) [PhysX] Initialized MultithreadedTaskDispatcher with 8 workers.
[PhysX] Initialized MultithreadedTaskDispatcher with 8 workers.
 -> (artifact id: '69a02c94cef244203020c372865b1e83') in 0.004439 seconds
Number of updated asset objects reloaded before import = 0
Number of asset objects unloaded after import = 2
========================================================================
Received Import Request.
  Time since last request: 6.120253 seconds.
  path: Assets/Wardrobe Collection 1/PostProcessing/Resources/Bluenoise64/LDR_LLL1_5.png
  artifactKey: Guid(a1ae041906217ae44a774d4ca139af50) Importer(815301076,1909f56bfc062723c751e8b465ee728b)
Start importing Assets/Wardrobe Collection 1/PostProcessing/Resources/Bluenoise64/LDR_LLL1_5.png using Guid(a1ae041906217ae44a774d4ca139af50) Importer(815301076,1909f56bfc062723c751e8b465ee728b) [PhysX] Initialized MultithreadedTaskDispatcher with 8 workers.
[PhysX] Initialized MultithreadedTaskDispatcher with 8 workers.
 -> (artifact id: '1624719a81b5fe3cd09157a9fe085e75') in 0.006770 seconds
Number of updated asset objects reloaded before import = 0
Number of asset objects unloaded after import = 2
========================================================================
Received Import Request.
  Time since last request: 4.329769 seconds.
  path: Assets/Wardrobe Collection 1/PostProcessing/Resources/Bluenoise64/LDR_LLL1_7.png
  artifactKey: Guid(3ac02e7e783571c468f9c086d2384ba7) Importer(815301076,1909f56bfc062723c751e8b465ee728b)
Start importing Assets/Wardrobe Collection 1/PostProcessing/Resources/Bluenoise64/LDR_LLL1_7.png using Guid(3ac02e7e783571c468f9c086d2384ba7) Importer(815301076,1909f56bfc062723c751e8b465ee728b) [PhysX] Initialized MultithreadedTaskDispatcher with 8 workers.
[PhysX] Initialized MultithreadedTaskDispatcher with 8 workers.
 -> (artifact id: '99381a063a1c057c424a2f9811109f31') in 0.005291 seconds
Number of updated asset objects reloaded before import = 0
Number of asset objects unloaded after import = 2
========================================================================
Received Import Request.
  Time since last request: 0.000075 seconds.
  path: Assets/Wardrobe Collection 1/PostProcessing/Resources/Bluenoise64/LDR_LLL1_8.png
  artifactKey: Guid(c55042318a938344ab23cd7f09dd0076) Importer(815301076,1909f56bfc062723c751e8b465ee728b)
Start importing Assets/Wardrobe Collection 1/PostProcessing/Resources/Bluenoise64/LDR_LLL1_8.png using Guid(c55042318a938344ab23cd7f09dd0076) Importer(815301076,1909f56bfc062723c751e8b465ee728b) [PhysX] Initialized MultithreadedTaskDispatcher with 8 workers.
[PhysX] Initialized MultithreadedTaskDispatcher with 8 workers.
 -> (artifact id: 'af967a2a53dec8838af37caf901b9f12') in 0.004204 seconds
Number of updated asset objects reloaded before import = 0
Number of asset objects unloaded after import = 2
========================================================================
Received Import Request.
  Time since last request: 0.000119 seconds.
  path: Assets/Wardrobe Collection 1/PostProcessing/Resources/Bluenoise64/LDR_LLL1_14.png
  artifactKey: Guid(f6439b54b28f3884eb67579dec0b6f21) Importer(815301076,1909f56bfc062723c751e8b465ee728b)
Start importing Assets/Wardrobe Collection 1/PostProcessing/Resources/Bluenoise64/LDR_LLL1_14.png using Guid(f6439b54b28f3884eb67579dec0b6f21) Importer(815301076,1909f56bfc062723c751e8b465ee728b) [PhysX] Initialized MultithreadedTaskDispatcher with 8 workers.
[PhysX] Initialized MultithreadedTaskDispatcher with 8 workers.
 -> (artifact id: '96fcbc0b46dfe59bdfbd86f128521edc') in 0.004623 seconds
Number of updated asset objects reloaded before import = 0
Number of asset objects unloaded after import = 2
========================================================================
Received Import Request.
  Time since last request: 0.000175 seconds.
  path: Assets/Wardrobe Collection 1/PostProcessing/Resources/Bluenoise64/LDR_LLL1_18.png
  artifactKey: Guid(74aca53eb7273624baffc2bf5e5cc173) Importer(815301076,1909f56bfc062723c751e8b465ee728b)
Start importing Assets/Wardrobe Collection 1/PostProcessing/Resources/Bluenoise64/LDR_LLL1_18.png using Guid(74aca53eb7273624baffc2bf5e5cc173) Importer(815301076,1909f56bfc062723c751e8b465ee728b) [PhysX] Initialized MultithreadedTaskDispatcher with 8 workers.
[PhysX] Initialized MultithreadedTaskDispatcher with 8 workers.
 -> (artifact id: '1d845b099d5271c8f55e7629fce29098') in 0.006342 seconds
Number of updated asset objects reloaded before import = 0
Number of asset objects unloaded after import = 2
========================================================================
Received Import Request.
  Time since last request: 0.000211 seconds.
  path: Assets/Wardrobe Collection 1/PostProcessing/Resources/Bluenoise64/LDR_LLL1_20.png
  artifactKey: Guid(6dda07f1420a968449cf4c6620c44d9f) Importer(815301076,1909f56bfc062723c751e8b465ee728b)
Start importing Assets/Wardrobe Collection 1/PostProcessing/Resources/Bluenoise64/LDR_LLL1_20.png using Guid(6dda07f1420a968449cf4c6620c44d9f) Importer(815301076,1909f56bfc062723c751e8b465ee728b) [PhysX] Initialized MultithreadedTaskDispatcher with 8 workers.
[PhysX] Initialized MultithreadedTaskDispatcher with 8 workers.
 -> (artifact id: 'f912de633b8420f8ec492ba42e98749b') in 0.003719 seconds
Number of updated asset objects reloaded before import = 0
Number of asset objects unloaded after import = 2
========================================================================
Received Import Request.
  Time since last request: 0.000122 seconds.
  path: Assets/Wardrobe Collection 1/PostProcessing/Resources/Bluenoise64/LDR_LLL1_29.png
  artifactKey: Guid(aa80dc44aa4fe4c43bb9d51d90cf2958) Importer(815301076,1909f56bfc062723c751e8b465ee728b)
Start importing Assets/Wardrobe Collection 1/PostProcessing/Resources/Bluenoise64/LDR_LLL1_29.png using Guid(aa80dc44aa4fe4c43bb9d51d90cf2958) Importer(815301076,1909f56bfc062723c751e8b465ee728b) [PhysX] Initialized MultithreadedTaskDispatcher with 8 workers.
[PhysX] Initialized MultithreadedTaskDispatcher with 8 workers.
 -> (artifact id: '0e8093f6223d53bf37469cf5bdc26a3d') in 0.003558 seconds
Number of updated asset objects reloaded before import = 0
Number of asset objects unloaded after import = 2
========================================================================
Received Import Request.
  Time since last request: 0.000072 seconds.
  path: Assets/Wardrobe Collection 1/PostProcessing/Resources/Bluenoise64/LDR_LLL1_9.png
  artifactKey: Guid(71583cfd8899717428d5b1a95fa39cda) Importer(815301076,1909f56bfc062723c751e8b465ee728b)
Start importing Assets/Wardrobe Collection 1/PostProcessing/Resources/Bluenoise64/LDR_LLL1_9.png using Guid(71583cfd8899717428d5b1a95fa39cda) Importer(815301076,1909f56bfc062723c751e8b465ee728b) [PhysX] Initialized MultithreadedTaskDispatcher with 8 workers.
[PhysX] Initialized MultithreadedTaskDispatcher with 8 workers.
 -> (artifact id: '628e439927d8bac4efdf6a235dfeb024') in 0.005244 seconds
Number of updated asset objects reloaded before import = 0
Number of asset objects unloaded after import = 2
========================================================================
Received Import Request.
  Time since last request: 0.000177 seconds.
  path: Assets/Wardrobe Collection 1/PostProcessing/Resources/Bluenoise64/LDR_LLL1_24.png
  artifactKey: Guid(32c6a5f7143b86c44bd5cdee2ff3f8ad) Importer(815301076,1909f56bfc062723c751e8b465ee728b)
Start importing Assets/Wardrobe Collection 1/PostProcessing/Resources/Bluenoise64/LDR_LLL1_24.png using Guid(32c6a5f7143b86c44bd5cdee2ff3f8ad) Importer(815301076,1909f56bfc062723c751e8b465ee728b) [PhysX] Initialized MultithreadedTaskDispatcher with 8 workers.
[PhysX] Initialized MultithreadedTaskDispatcher with 8 workers.
 -> (artifact id: '480b0bfdf99fed5a3438724170941473') in 0.013966 seconds
Number of updated asset objects reloaded before import = 0
Number of asset objects unloaded after import = 2
========================================================================
Received Import Request.
  Time since last request: 0.000125 seconds.
  path: Assets/Wardrobe Collection 1/PostProcessing/Resources/Bluenoise64/LDR_LLL1_19.png
  artifactKey: Guid(729a3ae164bcb3b4380459386adcf331) Importer(815301076,1909f56bfc062723c751e8b465ee728b)
Start importing Assets/Wardrobe Collection 1/PostProcessing/Resources/Bluenoise64/LDR_LLL1_19.png using Guid(729a3ae164bcb3b4380459386adcf331) Importer(815301076,1909f56bfc062723c751e8b465ee728b) [PhysX] Initialized MultithreadedTaskDispatcher with 8 workers.
[PhysX] Initialized MultithreadedTaskDispatcher with 8 workers.
 -> (artifact id: 'd5a8ef185bf2263a3b06500dcafa423d') in 0.005468 seconds
Number of updated asset objects reloaded before import = 0
Number of asset objects unloaded after import = 2
========================================================================
Received Import Request.
  Time since last request: 0.000068 seconds.
  path: Assets/Wardrobe Collection 1/PostProcessing/Resources/Bluenoise64/LDR_LLL1_11.png
  artifactKey: Guid(771903fe7b4674445829e52e91cff019) Importer(815301076,1909f56bfc062723c751e8b465ee728b)
Start importing Assets/Wardrobe Collection 1/PostProcessing/Resources/Bluenoise64/LDR_LLL1_11.png using Guid(771903fe7b4674445829e52e91cff019) Importer(815301076,1909f56bfc062723c751e8b465ee728b) [PhysX] Initialized MultithreadedTaskDispatcher with 8 workers.
[PhysX] Initialized MultithreadedTaskDispatcher with 8 workers.
 -> (artifact id: 'e8ba667f15f2242d5cad40436a0edd0f') in 0.002892 seconds
Number of updated asset objects reloaded before import = 0
Number of asset objects unloaded after import = 2
========================================================================
Received Import Request.
  Time since last request: 0.000228 seconds.
  path: Assets/Wardrobe Collection 1/PostProcessing/Resources/Bluenoise64/LDR_LLL1_17.png
  artifactKey: Guid(bf95b6fdc179b0e4f890c841406193fc) Importer(815301076,1909f56bfc062723c751e8b465ee728b)
Start importing Assets/Wardrobe Collection 1/PostProcessing/Resources/Bluenoise64/LDR_LLL1_17.png using Guid(bf95b6fdc179b0e4f890c841406193fc) Importer(815301076,1909f56bfc062723c751e8b465ee728b) [PhysX] Initialized MultithreadedTaskDispatcher with 8 workers.
[PhysX] Initialized MultithreadedTaskDispatcher with 8 workers.
 -> (artifact id: '8be14f3d58a36e8e5189e717ff204c76') in 0.004367 seconds
Number of updated asset objects reloaded before import = 0
Number of asset objects unloaded after import = 2
========================================================================
Received Import Request.
  Time since last request: 11.776178 seconds.
  path: Assets/AssetsStore/Garage_props/Assets/Textures/barrels_red_AlbedoTransparency.tga
  artifactKey: Guid(007cac6ec26063244a58afa32bf19208) Importer(815301076,1909f56bfc062723c751e8b465ee728b)
Start importing Assets/AssetsStore/Garage_props/Assets/Textures/barrels_red_AlbedoTransparency.tga using Guid(007cac6ec26063244a58afa32bf19208) Importer(815301076,1909f56bfc062723c751e8b465ee728b) [PhysX] Initialized MultithreadedTaskDispatcher with 8 workers.
[PhysX] Initialized MultithreadedTaskDispatcher with 8 workers.
 -> (artifact id: '429a080a2ef36be8af336954b03c2e49') in 0.057362 seconds
Number of updated asset objects reloaded before import = 0
Number of asset objects unloaded after import = 2
========================================================================
Received Import Request.
  Time since last request: 0.000062 seconds.
  path: Assets/AssetsStore/Garage_props/Assets/Textures/barrels_old_Normal.tga
  artifactKey: Guid(747e6a2e2ed45de4489504ce3f270fcd) Importer(815301076,1909f56bfc062723c751e8b465ee728b)
Start importing Assets/AssetsStore/Garage_props/Assets/Textures/barrels_old_Normal.tga using Guid(747e6a2e2ed45de4489504ce3f270fcd) Importer(815301076,1909f56bfc062723c751e8b465ee728b) [PhysX] Initialized MultithreadedTaskDispatcher with 8 workers.
[PhysX] Initialized MultithreadedTaskDispatcher with 8 workers.
 -> (artifact id: '8ae51209cea901dc1f1b64b15cf32738') in 0.020338 seconds
Number of updated asset objects reloaded before import = 0
Number of asset objects unloaded after import = 2
========================================================================
Received Import Request.
  Time since last request: 0.001045 seconds.
  path: Assets/AssetsStore/Garage_props/Assets/Textures/barrels_orange_AlbedoTransparency.tga
  artifactKey: Guid(d94e578776e73dd49a8eb88f0a417b97) Importer(815301076,1909f56bfc062723c751e8b465ee728b)
Start importing Assets/AssetsStore/Garage_props/Assets/Textures/barrels_orange_AlbedoTransparency.tga using Guid(d94e578776e73dd49a8eb88f0a417b97) Importer(815301076,1909f56bfc062723c751e8b465ee728b) [PhysX] Initialized MultithreadedTaskDispatcher with 8 workers.
[PhysX] Initialized MultithreadedTaskDispatcher with 8 workers.
 -> (artifact id: 'a6e507c94593f5a9b43b70af8f9bc2a6') in 0.008126 seconds
Number of updated asset objects reloaded before import = 0
Number of asset objects unloaded after import = 2
========================================================================
Received Import Request.
  Time since last request: 0.790366 seconds.
  path: Assets/AssetsStore/Garage_props/Assets/Textures/barrels_old_AlbedoTransparency.tga
  artifactKey: Guid(34e88dd622d3d954884069be635c2172) Importer(815301076,1909f56bfc062723c751e8b465ee728b)
Start importing Assets/AssetsStore/Garage_props/Assets/Textures/barrels_old_AlbedoTransparency.tga using Guid(34e88dd622d3d954884069be635c2172) Importer(815301076,1909f56bfc062723c751e8b465ee728b) [PhysX] Initialized MultithreadedTaskDispatcher with 8 workers.
[PhysX] Initialized MultithreadedTaskDispatcher with 8 workers.
 -> (artifact id: '7ed505e3458c51dee27aca9ab2c7ca36') in 0.011519 seconds
Number of updated asset objects reloaded before import = 0
Number of asset objects unloaded after import = 2
========================================================================
Received Import Request.
  Time since last request: 1237.908334 seconds.
  path: Assets/AK Studio Art/Cheval Mirror/Prefabs/Cheval Mirror 2.prefab
  artifactKey: Guid(c5def6d30b7d3734a8a5b0b570f9e26f) Importer(815301076,1909f56bfc062723c751e8b465ee728b)
Start importing Assets/AK Studio Art/Cheval Mirror/Prefabs/Cheval Mirror 2.prefab using Guid(c5def6d30b7d3734a8a5b0b570f9e26f) Importer(815301076,1909f56bfc062723c751e8b465ee728b) [PhysX] Initialized MultithreadedTaskDispatcher with 8 workers.
[PhysX] Initialized MultithreadedTaskDispatcher with 8 workers.
 -> (artifact id: 'a44522f3e1cba57672165dd12d838ee4') in 0.062639 seconds
Number of updated asset objects reloaded before import = 0
Number of asset objects unloaded after import = 20
========================================================================
Received Import Request.
  Time since last request: 439.290743 seconds.
  path: Assets/Tree_Textures/shadow.png
  artifactKey: Guid(15cb3c6fde2ac48b5bf56a518cf530c3) Importer(815301076,1909f56bfc062723c751e8b465ee728b)
Start importing Assets/Tree_Textures/shadow.png using Guid(15cb3c6fde2ac48b5bf56a518cf530c3) Importer(815301076,1909f56bfc062723c751e8b465ee728b) [PhysX] Initialized MultithreadedTaskDispatcher with 8 workers.
[PhysX] Initialized MultithreadedTaskDispatcher with 8 workers.
 -> (artifact id: 'b120a1dc8838d2eea950db4420635ee7') in 0.072580 seconds
Number of updated asset objects reloaded before import = 0
Number of asset objects unloaded after import = 2
========================================================================
Received Import Request.
  Time since last request: 3.025123 seconds.
  path: Assets/AK Studio Art/Cheval Mirror/Models/Materials/Cheval Mirror 2.mat
  artifactKey: Guid(0fbd0981d902e8a45bf47ad85040982a) Importer(815301076,1909f56bfc062723c751e8b465ee728b)
Start importing Assets/AK Studio Art/Cheval Mirror/Models/Materials/Cheval Mirror 2.mat using Guid(0fbd0981d902e8a45bf47ad85040982a) Importer(815301076,1909f56bfc062723c751e8b465ee728b) [PhysX] Initialized MultithreadedTaskDispatcher with 8 workers.
[PhysX] Initialized MultithreadedTaskDispatcher with 8 workers.
 -> (artifact id: 'cec52d6e41925a805eaae8a0c48a2dd0') in 0.022594 seconds
Number of updated asset objects reloaded before import = 0
Number of asset objects unloaded after import = 4
========================================================================
Received Import Request.
  Time since last request: 27.307370 seconds.
  path: Assets/AK Studio Art/Cheval Mirror/Environment/Reflection Probe 2.exr
  artifactKey: Guid(2af9b48f55783614a8cd222d9b19e472) Importer(815301076,1909f56bfc062723c751e8b465ee728b)
Start importing Assets/AK Studio Art/Cheval Mirror/Environment/Reflection Probe 2.exr using Guid(2af9b48f55783614a8cd222d9b19e472) Importer(815301076,1909f56bfc062723c751e8b465ee728b) [PhysX] Initialized MultithreadedTaskDispatcher with 8 workers.
[PhysX] Initialized MultithreadedTaskDispatcher with 8 workers.
[PhysX] Initialized MultithreadedTaskDispatcher with 8 workers.
 -> (artifact id: '6cd4adf62d0bedb221b3c9debd17c41b') in 0.025616 seconds
Number of updated asset objects reloaded before import = 0
Number of asset objects unloaded after import = 1
========================================================================
Received Import Request.
  Time since last request: 293.965224 seconds.
  path: Assets/AssetsStore/Garage_props/Assets/Prefabs/Barrels_Purple/barrel_cover.prefab
  artifactKey: Guid(749605def3ace9c43853c6191a0fe67c) Importer(815301076,1909f56bfc062723c751e8b465ee728b)
Start importing Assets/AssetsStore/Garage_props/Assets/Prefabs/Barrels_Purple/barrel_cover.prefab using Guid(749605def3ace9c43853c6191a0fe67c) Importer(815301076,1909f56bfc062723c751e8b465ee728b) [PhysX] Initialized MultithreadedTaskDispatcher with 8 workers.
[PhysX] Initialized MultithreadedTaskDispatcher with 8 workers.
 -> (artifact id: '9da639a33bdcd698ed420d56b8b71b56') in 0.132362 seconds
Number of updated asset objects reloaded before import = 0
Number of asset objects unloaded after import = 11
========================================================================
Received Import Request.
  Time since last request: 4.788844 seconds.
  path: Assets/AssetsStore/Garage_props/Assets/Prefabs/Barrels_Green/barrel_cover.prefab
  artifactKey: Guid(53868ca16970af942b647e5892c23234) Importer(815301076,1909f56bfc062723c751e8b465ee728b)
Start importing Assets/AssetsStore/Garage_props/Assets/Prefabs/Barrels_Green/barrel_cover.prefab using Guid(53868ca16970af942b647e5892c23234) Importer(815301076,1909f56bfc062723c751e8b465ee728b) [PhysX] Initialized MultithreadedTaskDispatcher with 8 workers.
[PhysX] Initialized MultithreadedTaskDispatcher with 8 workers.
 -> (artifact id: 'c561d8c6414bd2a76547627e345815de') in 0.012369 seconds
Number of updated asset objects reloaded before import = 0
Number of asset objects unloaded after import = 11
========================================================================
Received Import Request.
  Time since last request: 0.000122 seconds.
  path: Assets/AssetsStore/Garage_props/Assets/Prefabs/Barrels_Green/tank.prefab
  artifactKey: Guid(035789733d37b2842b41f631a729ef32) Importer(815301076,1909f56bfc062723c751e8b465ee728b)
Start importing Assets/AssetsStore/Garage_props/Assets/Prefabs/Barrels_Green/tank.prefab using Guid(035789733d37b2842b41f631a729ef32) Importer(815301076,1909f56bfc062723c751e8b465ee728b) [PhysX] Initialized MultithreadedTaskDispatcher with 8 workers.
[PhysX] Initialized MultithreadedTaskDispatcher with 8 workers.
 -> (artifact id: '042926e3031c1974a6587e3f755214bb') in 0.013990 seconds
Number of updated asset objects reloaded before import = 0
Number of asset objects unloaded after import = 11
========================================================================
Received Import Request.
  Time since last request: 0.000085 seconds.
  path: Assets/AssetsStore/Garage_props/Assets/Prefabs/Barrels_Green/cylinder_1.prefab
  artifactKey: Guid(ad92ce8018b221a49833c60aa7605105) Importer(815301076,1909f56bfc062723c751e8b465ee728b)
Start importing Assets/AssetsStore/Garage_props/Assets/Prefabs/Barrels_Green/cylinder_1.prefab using Guid(ad92ce8018b221a49833c60aa7605105) Importer(815301076,1909f56bfc062723c751e8b465ee728b) [PhysX] Initialized MultithreadedTaskDispatcher with 8 workers.
[PhysX] Initialized MultithreadedTaskDispatcher with 8 workers.
 -> (artifact id: '6b27a3860db25819c6a93c85d1f3bc8e') in 0.018626 seconds
Number of updated asset objects reloaded before import = 0
Number of asset objects unloaded after import = 11
========================================================================
Received Import Request.
  Time since last request: 3.541177 seconds.
  path: Assets/AssetsStore/Garage_props/Assets/Prefabs/Barrels_Red/barrel_cover.prefab
  artifactKey: Guid(2249d93a091c217489ec69842ce78ea1) Importer(815301076,1909f56bfc062723c751e8b465ee728b)
Start importing Assets/AssetsStore/Garage_props/Assets/Prefabs/Barrels_Red/barrel_cover.prefab using Guid(2249d93a091c217489ec69842ce78ea1) Importer(815301076,1909f56bfc062723c751e8b465ee728b) [PhysX] Initialized MultithreadedTaskDispatcher with 8 workers.
[PhysX] Initialized MultithreadedTaskDispatcher with 8 workers.
 -> (artifact id: '2a7a8ff096f206ad479b64864a4dc443') in 0.012863 seconds
Number of updated asset objects reloaded before import = 0
Number of asset objects unloaded after import = 11
========================================================================
Received Import Request.
  Time since last request: 0.000123 seconds.
  path: Assets/AssetsStore/Garage_props/Assets/Prefabs/Barrels_Red/cylinder_1.prefab
  artifactKey: Guid(94cada3543d4fbf4d8ad2108ccd48849) Importer(815301076,1909f56bfc062723c751e8b465ee728b)
Start importing Assets/AssetsStore/Garage_props/Assets/Prefabs/Barrels_Red/cylinder_1.prefab using Guid(94cada3543d4fbf4d8ad2108ccd48849) Importer(815301076,1909f56bfc062723c751e8b465ee728b) [PhysX] Initialized MultithreadedTaskDispatcher with 8 workers.
[PhysX] Initialized MultithreadedTaskDispatcher with 8 workers.
 -> (artifact id: 'e319b73276c9a64c49a7c564d7858f41') in 0.010517 seconds
Number of updated asset objects reloaded before import = 0
Number of asset objects unloaded after import = 11
========================================================================
Received Import Request.
  Time since last request: 0.000108 seconds.
  path: Assets/AssetsStore/Garage_props/Assets/Prefabs/Barrels_Red/tank.prefab
  artifactKey: Guid(4cd3a6414efb0254bb4aa2bda57f53c0) Importer(815301076,1909f56bfc062723c751e8b465ee728b)
Start importing Assets/AssetsStore/Garage_props/Assets/Prefabs/Barrels_Red/tank.prefab using Guid(4cd3a6414efb0254bb4aa2bda57f53c0) Importer(815301076,1909f56bfc062723c751e8b465ee728b) [PhysX] Initialized MultithreadedTaskDispatcher with 8 workers.
[PhysX] Initialized MultithreadedTaskDispatcher with 8 workers.
 -> (artifact id: '6865b2b77403a2bce54d176c61a58ab4') in 0.013223 seconds
Number of updated asset objects reloaded before import = 0
Number of asset objects unloaded after import = 11
========================================================================
Received Prepare
Begin MonoManager ReloadAssembly
Thread 0x16d243000 may have been prematurely finalized
- Loaded All Assemblies, in  0.304 seconds
Refreshing native plugins compatible for Editor in 0.75 ms, found 2 plugins.
Native extension for OSXStandalone target not found
Native extension for WebGL target not found
[Package Manager] Server::EnsureServerProcessIsRunning -- launch failed, reason: Unity was launched with the -noUpm command-line argument
[Package Manager] UpmClient::Send -- Unable to send message (not connected to UPM process).
[Package Manager] Cannot connect to Unity Package Manager local server
Mono: successfully reloaded assembly
- Finished resetting the current domain, in  0.908 seconds
Domain Reload Profiling: 1212ms
	BeginReloadAssembly (105ms)
		ExecutionOrderSort (0ms)
		DisableScriptedObjects (3ms)
		BackupInstance (0ms)
		ReleaseScriptingObjects (0ms)
		CreateAndSetChildDomain (44ms)
	RebuildCommonClasses (23ms)
	RebuildNativeTypeToScriptingClass (8ms)
	initialDomainReloadingComplete (14ms)
	LoadAllAssembliesAndSetupDomain (153ms)
		LoadAssemblies (172ms)
		RebuildTransferFunctionScriptingTraits (0ms)
		AnalyzeDomain (14ms)
			TypeCache.Refresh (9ms)
				TypeCache.ScanAssembly (0ms)
			ScanForSourceGeneratedMonoScriptInfo (0ms)
			ResolveRequiredComponents (5ms)
	FinalizeReload (908ms)
		ReleaseScriptCaches (0ms)
		RebuildScriptCaches (0ms)
		SetupLoadedEditorAssemblies (333ms)
			LogAssemblyErrors (0ms)
			InitializePlatformSupportModulesInManaged (3ms)
			SetLoadedEditorAssemblies (2ms)
			RefreshPlugins (0ms)
			BeforeProcessingInitializeOnLoad (40ms)
			ProcessInitializeOnLoadAttributes (276ms)
			ProcessInitializeOnLoadMethodAttributes (11ms)
			AfterProcessingInitializeOnLoad (1ms)
			EditorAssembliesLoaded (0ms)
		ExecutionOrderSort2 (0ms)
		AwakeInstancesAfterBackupRestoration (2ms)
Refreshing native plugins compatible for Editor in 0.79 ms, found 2 plugins.
Preloading 0 native plugins for Editor in 0.00 ms.
Unloading 3567 Unused Serialized files (Serialized files now loaded: 0)
Unloading 68 unused Assets / (3.2 MB). Loaded Objects now: 4059.
Memory consumption went from 181.4 MB to 178.2 MB.
Total: 4.204042 ms (FindLiveObjects: 0.134208 ms CreateObjectMapping: 0.044417 ms MarkObjects: 2.705208 ms  DeleteObjects: 1.319000 ms)

Prepare: number of updated asset objects reloaded= 0
AssetImportParameters requested are different than current active one (requested -> active):
  custom:container-demuxer-ogg: 62fdf1f143b41e24485cea50d1cbac27 -> 
  custom:video-decoder-ogg-theora: a1e56fd34408186e4bbccfd4996cb3dc -> 
  custom:CustomObjectIndexerAttribute: 9a22284fe3817be447336de3de66b15e -> 
  custom:container-demuxer-webm: 4f35f7cbe854078d1ac9338744f61a02 -> 
  custom:container-muxer-webm: aa71ff27fc2769a1b78a27578f13a17b -> 
  custom:video-decoder-webm-vp8: 9c59270c3fd7afecdb556c50c9e8de78 -> 
  custom:SearchIndexIgnoredProperties: e643bd26f0fe6173181afceb89e7c659 -> 
  custom:AudioImporter_EditorPlatform: 3918e3fc78b5a79bad01e8451be0beb8 -> 
  custom:framework-osx-AVFoundation: e770b220cccbd017edd2c1fefb359320 -> 
  custom:video-encoder-webm-vp8: eb34c28f22e8b96e1ab97ce403110664 -> 
  custom:audio-decoder-ogg-vorbis: bf7c407c2cedff20999df2af8eb42d56 -> 
  custom:audio-encoder-webm-vorbis: bf7c407c2cedff20999df2af8eb42d56 -> 
